# Server version 0.08 running on GBowen:8123
# Game ID: 23
# Board class: Saboteur.SaboteurBoard
# Timeout: 2000
# First Move Timeout: 30000
# Date: Mon Apr 06 22:21:40 EDT 2020
# Player 1: Player-0, '260787692', running on GBowen
# Player 2: Player-1, 'RandomPlayer', running on GBowen
START Player-0 260787692
START Player-1 RandomPlayer
BoardInit:Tile:6,Tile:0,Tile:7,Bonus,Tile:7,Tile:9,Bonus,Tile:5,Tile:0,Tile:10,Tile:9,Tile:10,Map,Tile:5,Destroy,Tile:4,Map,Tile:0,Tile:8,Tile:1,Tile:6,Map,Tile:6,Tile:5,Tile:12,Bonus,Tile:9,Destroy,Map,Map,Tile:14,Tile:13,Bonus,Malus,Tile:7,Tile:9,Tile:3,Tile:6,Map,Malus,Tile:10-Tile:5,Tile:11,Tile:2,Tile:8,Tile:9,Tile:0,Tile:15-Tile:8,Tile:7,Tile:8,Tile:6,Destroy,Tile:7,Tile:8-Tile:nugget,Tile:hidden2,Tile:hidden1
Tile:11_flip 6 5 1
Tile:8 5 4 0
Tile:15 5 6 1
Tile:7_flip 6 6 0
Tile:6 7 6 1
Tile:8 6 4 0
Tile:9_flip 6 3 1
Tile:6 7 4 0
Tile:7 6 2 1
Tile:7 8 4 0
Tile:2_flip 8 5 1
Tile:8 9 5 0
Tile:7_flip 9 6 1
Tile:0 10 5 0
Tile:0 5 2 1
Tile:9 7 3 0
Destroy 5 2 1
Tile:5 9 4 0
Map 12 5 1
Tile:5_flip 10 4 0
Drop 3 0 1
Tile:10 10 3 0
Tile:5 7 5 1
Map 12 5 0
Tile:9 5 3 1
Tile:10 10 2 0
Tile:6_flip 10 6 1
Tile:0 8 3 0
Tile:6 11 6 1
Tile:5 10 1 0
Tile:8 11 5 1
Map 12 5 0
Tile:14_flip 11 4 1
Destroy 5 4 0
Tile:12 12 6 1
Drop 3 0 0
Tile:9 5 4 1
Tile:9 10 7 0
Tile:7_flip 10 8 1
Tile:6 11 1 0
Tile:3 11 7 1
Destroy 10 8 0
Tile:10 11 8 1
Tile:1 12 4 0
Drop 1 0 1
Tile:13 4 5 0
Map 12 5 1
Tile:4_flip 4 6 0
Map 12 3 1
Malus 0 0 0
Drop 0 0 1
Drop 0 0 0
Bonus 0 0 1
Drop 0 0 0
Tile:8 12 1 1
GAMEOVER DRAW
# Game ended: Mon Apr 06 22:21:41 EDT 2020
