# Server version 0.08 running on GBowen:8123
# Game ID: 80
# Board class: Saboteur.SaboteurBoard
# Timeout: 2000
# First Move Timeout: 30000
# Date: Tue Apr 07 19:26:43 EDT 2020
# Player 1: Player-0, '260787692', running on GBowen
# Player 2: Player-1, 'RandomPlayer', running on GBowen
START Player-0 260787692
START Player-1 RandomPlayer
BoardInit:Tile:14,Tile:6,Tile:9,Tile:9,Tile:5,Map,Tile:7,Tile:5,Tile:6,Tile:1,Tile:8,Bonus,Tile:0,Tile:5,Tile:2,Map,Tile:0,Tile:8,Map,Map,Destroy,Tile:6,Tile:8,Tile:7,Tile:9,Tile:5,Bonus,Tile:9,Bonus,Tile:8,Tile:10,Destroy,Tile:6,Tile:15,Tile:10,Tile:7,Malus,Tile:12,Tile:13,Tile:8,Tile:10-Destroy,Tile:4,Map,Tile:0,Bonus,Tile:6,Tile:7-Tile:3,Tile:9,Tile:7,Tile:11,Malus,Map,Tile:0-Tile:hidden1,Tile:nugget,Tile:hidden2
Map 12 7 1
Map 12 5 0
Tile:6 6 5 1
Tile:0 7 5 0
Tile:9_flip 5 4 1
Tile:6 8 5 0
Tile:7 9 5 1
Tile:9 9 6 0
Tile:14_flip 4 5 1
Tile:9_flip 10 6 0
Tile:6_flip 8 4 1
Malus 0 0 0
Destroy 4 5 1
Tile:5 10 5 0
Drop 5 0 1
Tile:7 5 3 0
Drop 1 0 1
Tile:11_flip 5 6 0
Drop 3 0 1
Tile:8 11 5 0
GAMEOVER WINNER 0
# Game ended: Tue Apr 07 19:26:43 EDT 2020
