# Server version 0.08 running on GBowen:8123
# Game ID: 73
# Board class: Saboteur.SaboteurBoard
# Timeout: 2000
# First Move Timeout: 30000
# Date: Tue Apr 07 19:24:16 EDT 2020
# Player 1: Player-0, '260787692', running on GBowen
# Player 2: Player-1, 'RandomPlayer', running on GBowen
START Player-0 260787692
START Player-1 RandomPlayer
BoardInit:Destroy,Tile:15,Tile:9,Map,Tile:1,Tile:10,Bonus,Tile:5,Tile:3,Map,Tile:5,Tile:6,Tile:7,Tile:8,Malus,Tile:8,Tile:5,Tile:11,Tile:6,Tile:0,Tile:8,Map,Bonus,Map,Tile:7,Tile:10,Destroy,Tile:7,Tile:2,Tile:6,Tile:14,Bonus,Tile:7,Tile:8,Tile:0,Tile:8,Tile:6,Malus,Tile:9,Map,Tile:5-Tile:6,Tile:10,Tile:9,Tile:9,Map,Tile:7,Destroy-Tile:0,Tile:4,Tile:9,Tile:13,Tile:0,Bonus,Tile:12-Tile:nugget,Tile:hidden1,Tile:hidden2
Map 12 7 1
Tile:0 6 5 0
Tile:9 5 6 1
Tile:0 7 5 0
Drop 1 0 1
Map 12 5 0
Destroy 7 5 1
Tile:9_flip 7 5 0
Tile:7 6 6 1
Tile:10 7 4 0
Tile:9 5 7 1
Map 12 5 0
Tile:9_flip 6 7 1
Tile:5 7 3 0
Tile:7_flip 4 5 1
Tile:6 8 3 0
Malus 0 0 1
Bonus 0 0 0
Tile:5_flip 9 3 1
Tile:8 9 2 0
Tile:3 9 1 1
Tile:8 10 2 0
Tile:6 8 1 1
Map 12 5 0
Tile:8 5 4 1
Map 12 5 0
Destroy 7 5 1
Tile:0 11 2 0
Tile:6 12 2 1
Tile:10 10 3 0
Tile:7 12 1 1
Tile:7 13 2 0
Tile:14_flip 10 1 1
Tile:6 7 5 0
Tile:7_flip 13 3 1
Tile:8 10 4 0
Destroy 9 2 1
Tile:8 8 5 0
Tile:0 11 1 1
Tile:11 9 2 0
Tile:9 5 8 1
Map 12 5 0
Tile:5 9 4 1
Tile:4_flip 8 6 0
Tile:5_flip 10 5 1
Tile:13 4 4 0
Tile:2_flip 6 8 1
Tile:15 5 9 0
Tile:6_flip 3 4 1
Drop 0 0 0
Drop 1 0 1
Drop 0 0 0
Tile:1 11 4 1
Drop 0 0 0
Drop 0 0 1
GAMEOVER DRAW
# Game ended: Tue Apr 07 19:24:17 EDT 2020
