# Server version 0.08 running on GBowen:8123
# Game ID: 83
# Board class: Saboteur.SaboteurBoard
# Timeout: 2000
# First Move Timeout: 30000
# Date: Tue Apr 07 19:27:17 EDT 2020
# Player 1: Player-0, '260787692', running on GBowen
# Player 2: Player-1, 'RandomPlayer', running on GBowen
START Player-0 260787692
START Player-1 RandomPlayer
BoardInit:Tile:7,Tile:5,Bonus,Tile:7,Map,Destroy,Tile:10,Tile:1,Tile:5,Tile:7,Tile:6,Tile:13,Bonus,Tile:8,Destroy,Tile:9,Map,Tile:5,Tile:9,Map,Tile:10,Map,Map,Tile:5,Tile:0,Tile:4,Tile:6,Tile:0,Map,Bonus,Tile:10,Tile:14,Tile:9,Tile:7,Tile:15,Tile:6,Tile:8,Tile:8,Tile:0,Tile:12,Tile:9-Tile:7,Bonus,Tile:6,Malus,Tile:2,Destroy,Tile:6-Tile:9,Tile:3,Tile:11,Tile:0,Tile:8,Tile:8,Malus-Tile:hidden1,Tile:hidden2,Tile:nugget
Malus 0 0 1
Drop 3 0 0
Tile:6_flip 4 5 1
Drop 3 0 0
Tile:7 6 5 1
Drop 3 0 0
Tile:7_flip 3 5 1
Drop 3 0 0
Map 12 7 1
Drop 3 0 0
Drop 1 0 1
Drop 3 0 0
Tile:5_flip 6 6 1
Drop 3 0 0
Tile:6_flip 5 4 1
Drop 3 0 0
Drop 6 0 1
Drop 3 0 0
Destroy 4 5 1
Drop 3 0 0
Drop 4 0 1
Drop 3 0 0
Map 12 7 1
Drop 3 0 0
Tile:6_flip 4 5 1
Drop 3 0 0
Tile:0 6 4 1
Drop 3 0 0
Tile:6 4 4 1
Drop 3 0 0
Tile:9 3 4 1
Bonus 0 0 0
Tile:10 4 6 1
Tile:9_flip 7 4 0
Tile:9 5 6 1
Tile:7_flip 7 5 0
Tile:15 4 3 1
Tile:0 8 5 0
Tile:8 7 3 1
Tile:6 9 5 0
Map 12 7 1
Tile:8 10 5 0
Tile:0 11 5 1
Tile:14_flip 12 4 0
Tile:9_flip 12 6 1
GAMEOVER WINNER 1
# Game ended: Tue Apr 07 19:27:18 EDT 2020
