# Server version 0.08 running on GBowen:8123
# Game ID: 24
# Board class: Saboteur.SaboteurBoard
# Timeout: 2000
# First Move Timeout: 30000
# Date: Mon Apr 06 22:21:57 EDT 2020
# Player 1: Player-0, '260787692', running on GBowen
# Player 2: Player-1, 'RandomPlayer', running on GBowen
START Player-0 260787692
START Player-1 RandomPlayer
BoardInit:Tile:8,Tile:4,Tile:9,Map,Tile:14,Map,Tile:5,Malus,Map,Tile:1,Map,Tile:5,Tile:5,Tile:6,Tile:13,Tile:10,Bonus,Tile:5,Tile:6,Tile:7,Tile:6,Map,Tile:2,Tile:9,Tile:9,Tile:8,Tile:9,Tile:12,Tile:7,Tile:0,Tile:7,Bonus,Destroy,Tile:9,Tile:0,Map,Tile:15,Tile:6,Tile:10,Tile:8,Destroy-Tile:10,Tile:8,Tile:0,Tile:6,Tile:7,Tile:3,Bonus-Tile:0,Bonus,Tile:11,Destroy,Malus,Tile:8,Tile:7-Tile:hidden2,Tile:hidden1,Tile:nugget
Tile:10 5 6 1
Tile:0 6 5 0
Tile:3 7 5 1
Tile:8 5 4 0
Tile:7_flip 4 5 1
Map 12 5 0
Tile:8 4 4 1
Map 12 5 0
Tile:9 5 7 1
Destroy 7 5 0
Tile:14 6 7 1
Tile:4_flip 5 8 0
Tile:8 3 4 1
Tile:5 5 3 0
Tile:5 6 6 1
Tile:6 6 3 0
Tile:0 6 4 1
Tile:11_flip 7 4 0
Tile:6_flip 7 3 1
Tile:5_flip 3 5 0
Tile:13 2 5 1
Tile:7 4 3 0
Drop 1 0 1
Map 12 5 0
Map 12 7 1
Tile:9_flip 2 6 0
Tile:6 7 6 1
Tile:8 8 3 0
Tile:9 8 4 1
Tile:7_flip 8 5 0
Tile:6_flip 9 5 1
Tile:1 10 5 0
Tile:2_flip 2 7 1
Tile:0 3 7 0
Drop 4 0 1
Tile:12 8 6 0
Destroy 8 5 1
Map 12 5 0
Tile:7_flip 1 7 1
Tile:9 1 6 0
Tile:0 11 5 1
Tile:6 8 5 0
Destroy 3 7 1
Drop 2 0 0
Tile:9 6 2 1
Tile:8 1 5 0
Tile:10 1 4 1
Tile:10 6 1 0
Tile:5 8 2 1
Drop 0 0 0
Drop 1 0 1
Drop 0 0 0
Tile:15 9 6 1
Drop 0 0 0
Drop 0 0 1
GAMEOVER DRAW
# Game ended: Mon Apr 06 22:21:58 EDT 2020
