# Server version 0.08 running on GBowen:8123
# Game ID: 34
# Board class: Saboteur.SaboteurBoard
# Timeout: 2000
# First Move Timeout: 30000
# Date: Mon Apr 06 22:54:52 EDT 2020
# Player 1: Player-0, '260787692', running on GBowen
# Player 2: Player-1, 'RandomPlayer', running on GBowen
START Player-0 260787692
START Player-1 RandomPlayer
BoardInit:Tile:7,Tile:0,Map,Map,Tile:8,Bonus,Tile:5,Tile:13,Tile:9,Tile:7,Destroy,Bonus,Tile:0,Tile:0,Map,Tile:9,Tile:8,Tile:6,Tile:8,Tile:5,Tile:14,Tile:9,Tile:10,Tile:6,Tile:8,Malus,Destroy,Tile:9,Map,Tile:5,Tile:5,Tile:6,Tile:6,Tile:10,Tile:3,Tile:15,Tile:8,Tile:2,Tile:11,Map,Tile:1-Tile:9,Bonus,Tile:6,Destroy,Map,Tile:4,Tile:0-Tile:7,Tile:7,Bonus,Tile:12,Tile:10,Malus,Tile:7-Tile:hidden2,Tile:nugget,Tile:hidden1
Tile:9 4 5 1
Drop 3 0 0
Tile:7_flip 4 6 1
Tile:0 6 5 0
Map 12 3 1
Map 12 5 0
Tile:8 5 6 1
Tile:7 5 4 0
Destroy 6 5 1
Tile:7 6 5 0
Drop 4 0 1
Drop 0 0 0
Tile:9_flip 6 6 1
Tile:7_flip 6 7 0
Drop 2 0 1
Tile:0 7 7 0
Tile:5_flip 5 7 1
Tile:9_flip 8 7 0
Tile:6_flip 4 7 1
Tile:10 8 6 0
Destroy 5 7 1
Tile:6_flip 8 5 0
Tile:8 4 4 1
Tile:9_flip 5 7 0
Drop 0 0 1
Tile:6 9 5 0
Map 12 3 1
Tile:7 4 3 0
Destroy 7 7 1
Tile:5 9 4 0
Tile:0 10 4 1
Tile:9 7 5 0
Tile:8 3 3 1
Tile:5 7 4 0
Drop 0 0 1
Tile:6 8 8 0
Tile:5 2 3 1
Tile:13 9 8 0
Tile:8 7 7 1
Tile:10 4 8 0
Tile:10 4 9 1
Tile:15 7 6 0
Tile:6_flip 3 2 1
Tile:2_flip 2 2 0
Tile:11 9 7 1
Malus 0 0 0
Map 12 5 1
Drop 0 0 0
Drop 0 0 1
Map 12 7 0
Drop 0 0 1
Drop 0 0 0
Drop 1 0 1
Drop 0 0 0
Drop 0 0 1
GAMEOVER DRAW
# Game ended: Mon Apr 06 22:54:53 EDT 2020
