# Server version 0.08 running on GBowen:8123
# Game ID: 51
# Board class: Saboteur.SaboteurBoard
# Timeout: 2000
# First Move Timeout: 30000
# Date: Tue Apr 07 17:18:29 EDT 2020
# Player 1: Player-0, '260787692', running on GBowen
# Player 2: Player-1, 'RandomPlayer', running on GBowen
START Player-0 260787692
START Player-1 RandomPlayer
BoardInit:Map,Tile:5,Tile:8,Tile:9,Tile:6,Tile:2,Destroy,Tile:8,Tile:7,Tile:9,Tile:7,Tile:7,Tile:6,Tile:5,Map,Tile:15,Tile:7,Tile:5,Bonus,Map,Tile:9,Tile:4,Tile:10,Tile:10,Tile:8,Tile:1,Tile:11,Tile:6,Tile:9,Tile:9,Tile:0,Tile:0,Tile:8,Tile:0,Map,Tile:5,Tile:8,Destroy,Malus,Tile:12,Map-Malus,Map,Bonus,Tile:14,Bonus,Tile:3,Destroy-Tile:6,Tile:0,Tile:13,Tile:10,Bonus,Tile:6,Tile:7-Tile:hidden1,Tile:nugget,Tile:hidden2
Tile:14_flip 4 5 1
Tile:6 6 5 0
Drop 1 0 1
Tile:0 7 5 0
Map 12 7 1
Tile:6 8 5 0
Tile:3 5 4 1
Tile:10 8 4 0
Tile:6 5 6 1
Tile:8 9 5 0
Malus 0 0 1
Bonus 0 0 0
Tile:7_flip 9 6 1
Tile:7 10 6 0
Tile:6 4 6 1
Tile:5 9 4 0
Tile:7_flip 4 4 1
Tile:7 8 3 0
Destroy 8 3 1
Tile:5 6 4 0
Destroy 4 5 1
Map 12 5 0
Tile:9_flip 10 7 1
Tile:2 4 5 0
Tile:7 6 6 1
Tile:4 8 3 0
Tile:8 10 4 1
Tile:5_flip 7 4 0
Drop 2 0 1
Tile:6_flip 9 7 0
Tile:9_flip 4 3 1
Tile:15 10 8 0
Tile:11_flip 6 7 1
Tile:9 3 5 0
Tile:8 10 3 1
Tile:9_flip 9 8 0
Tile:10 7 3 1
Tile:9_flip 6 8 0
Tile:8 11 3 1
Tile:10 12 4 0
GAMEOVER WINNER 0
# Game ended: Tue Apr 07 17:18:30 EDT 2020
