# Server version 0.08 running on GBowen:8123
# Game ID: 77
# Board class: Saboteur.SaboteurBoard
# Timeout: 2000
# First Move Timeout: 30000
# Date: Tue Apr 07 19:25:23 EDT 2020
# Player 1: Player-0, '260787692', running on GBowen
# Player 2: Player-1, 'RandomPlayer', running on GBowen
START Player-0 260787692
START Player-1 RandomPlayer
BoardInit:Tile:1,Tile:3,Map,Tile:8,Tile:9,Tile:12,Tile:11,Tile:7,Malus,Tile:10,Tile:6,Tile:0,Tile:9,Tile:4,Tile:6,Tile:6,Tile:5,Tile:9,Tile:9,Tile:9,Tile:10,Tile:10,Tile:0,Tile:5,Tile:7,Bonus,Tile:6,Map,Destroy,Tile:8,Tile:15,Destroy,Tile:2,Bonus,Bonus,Tile:13,Tile:14,Tile:7,Tile:0,Map,Tile:8-Tile:5,Tile:8,Map,Tile:8,Map,Bonus,Tile:6-Map,Tile:5,Malus,Destroy,Tile:7,Tile:0,Tile:7-Tile:hidden1,Tile:nugget,Tile:hidden2
Tile:6 4 5 1
Map 12 5 0
Tile:5 4 4 1
Tile:0 6 5 0
Tile:8 5 6 1
Tile:8 7 5 0
Tile:8 7 4 1
Tile:3_flip 6 4 0
Tile:1 8 4 1
Tile:7 9 4 0
Tile:11 5 7 1
Tile:7_flip 9 5 0
Tile:6_flip 4 6 1
Tile:5_flip 10 5 0
Tile:9 10 4 1
Tile:7 8 5 0
Tile:9_flip 7 3 1
Tile:0 11 4 0
Map 12 7 1
Tile:6 8 6 0
Drop 6 0 1
Tile:9 10 3 0
Tile:5 10 2 1
Tile:9_flip 11 2 0
Tile:10 7 2 1
Tile:5 6 3 0
Tile:7_flip 5 8 1
Tile:12 9 6 0
Tile:6_flip 12 4 1
Destroy 11 2 0
Map 12 3 1
Tile:8 6 7 0
Tile:6_flip 6 6 1
Destroy 10 5 0
Destroy 7 3 1
Malus 0 0 0
Drop 5 0 1
Map 12 5 0
Bonus 0 0 1
Tile:7 11 2 0
Tile:14 4 7 1
Tile:4 7 1 0
Map 12 5 1
Tile:13 7 3 0
Drop 4 0 1
Drop 1 0 0
Tile:0 13 4 1
Drop 0 0 0
Malus 0 0 1
Bonus 0 0 0
Drop 1 0 1
Map 12 3 0
Tile:8 6 8 1
Drop 0 0 0
Tile:15 6 9 1
GAMEOVER DRAW
# Game ended: Tue Apr 07 19:25:24 EDT 2020
