# Server version 0.08 running on GBowen:8123
# Game ID: 14
# Board class: Saboteur.SaboteurBoard
# Timeout: 2000
# First Move Timeout: 30000
# Date: Mon Apr 06 21:34:06 EDT 2020
# Player 1: Player-0, '260787692', running on GBowen
# Player 2: Player-1, 'RandomPlayer', running on GBowen
START Player-0 260787692
START Player-1 RandomPlayer
BoardInit:Tile:0,Tile:10,Destroy,Tile:8,Tile:0,Tile:9,Tile:0,Malus,Tile:7,Tile:12,Tile:6,Map,Bonus,Tile:11,Tile:2,Tile:9,Tile:4,Bonus,Tile:13,Destroy,Tile:10,Tile:8,Tile:7,Map,Map,Tile:5,Tile:7,Map,Tile:8,Malus,Tile:7,Tile:6,Map,Destroy,Bonus,Tile:8,Tile:6,Tile:9,Tile:5,Tile:8,Map-Tile:10,Bonus,Tile:5,Tile:15,Tile:7,Tile:6,Tile:9-Tile:9,Tile:14,Tile:0,Tile:3,Tile:6,Tile:1,Tile:5-Tile:hidden1,Tile:nugget,Tile:hidden2
Tile:9 4 5 1
Tile:0 6 5 0
Tile:15 4 6 1
Tile:6 7 5 0
Tile:7 4 4 1
Tile:8 8 5 0
Tile:5_flip 8 6 1
Tile:9 3 4 0
Tile:0 7 6 1
Tile:3_flip 4 7 0
Tile:0 6 6 1
Tile:9 5 4 0
Tile:6_flip 9 5 1
Map 12 5 0
Tile:7_flip 9 6 1
Tile:5_flip 3 5 0
Tile:6_flip 2 5 1
Tile:14_flip 8 4 0
Tile:10 3 3 1
Tile:9 2 6 0
Destroy 4 6 1
Tile:11_flip 7 4 0
Tile:13 3 2 1
Tile:8 10 5 0
Tile:2 2 2 1
Tile:10 3 1 0
Tile:4 10 4 1
Destroy 10 5 0
Drop 2 0 1
Tile:12_flip 1 5 0
Tile:10 5 3 1
Map 12 3 0
Tile:7 4 2 1
Tile:6 10 5 0
Tile:8 4 6 1
Destroy 8 4 0
Drop 3 0 1
Tile:8 11 5 0
GAMEOVER WINNER 0
# Game ended: Mon Apr 06 21:34:07 EDT 2020
