# Server version 0.08 running on GBowen:8123
# Game ID: 57
# Board class: Saboteur.SaboteurBoard
# Timeout: 2000
# First Move Timeout: 30000
# Date: Tue Apr 07 17:23:53 EDT 2020
# Player 1: Player-0, '260787692', running on GBowen
# Player 2: Player-1, 'RandomPlayer', running on GBowen
START Player-0 260787692
START Player-1 RandomPlayer
BoardInit:Map,Tile:0,Tile:10,Tile:6,Tile:8,Tile:4,Tile:15,Tile:9,Tile:13,Tile:14,Tile:9,Malus,Tile:6,Bonus,Tile:7,Tile:9,Destroy,Tile:6,Tile:2,Tile:6,Tile:11,Map,Tile:12,Tile:6,Map,Tile:7,Map,Bonus,Destroy,Tile:5,Tile:8,Tile:10,Tile:3,Tile:7,Tile:5,Tile:8,Tile:9,Bonus,Map,Malus,Tile:0-Tile:0,Tile:7,Destroy,Tile:8,Tile:10,Tile:7,Tile:5-Map,Tile:1,Tile:5,Tile:9,Bonus,Tile:0,Tile:8-Tile:hidden1,Tile:hidden2,Tile:nugget
Tile:8 5 6 1
Map 12 5 0
Tile:7 6 6 1
Tile:5 5 4 0
Tile:5_flip 5 7 1
Tile:9_flip 6 4 0
Drop 2 0 1
Tile:8 6 3 0
Tile:8 4 7 1
Tile:0 7 3 0
Tile:15 4 8 1
Tile:0 8 3 0
Tile:7_flip 6 7 1
Tile:6 9 3 0
Tile:9_flip 7 7 1
Tile:1 10 3 0
Tile:7_flip 3 7 1
Tile:9 9 2 0
Destroy 7 7 1
Tile:9_flip 11 3 0
Destroy 4 8 1
Tile:6 10 2 0
Tile:11_flip 11 2 1
Map 12 5 0
Tile:6 5 3 1
Tile:6 11 4 0
Tile:2 5 2 1
Tile:6 12 4 0
Tile:0 10 4 1
Tile:14 13 4 0
Drop 3 0 1
Tile:7 13 3 0
Map 12 3 1
Tile:5 10 1 0
Destroy 9 3 1
Tile:10 9 1 0
Tile:5_flip 6 5 1
Tile:8 6 2 0
Tile:13 9 3 1
Malus 0 0 0
Drop 1 0 1
Tile:7 3 6 0
Drop 6 0 1
Tile:4 6 1 0
Drop 4 0 1
Drop 3 0 0
Map 12 3 1
Malus 0 0 0
Map 12 7 1
Drop 1 0 0
Drop 0 0 1
Drop 1 0 0
Drop 1 0 1
Drop 0 0 0
Drop 0 0 1
GAMEOVER DRAW
# Game ended: Tue Apr 07 17:23:54 EDT 2020
