# Server version 0.08 running on GBowen:8123
# Game ID: 7
# Board class: Saboteur.SaboteurBoard
# Timeout: 2000
# First Move Timeout: 30000
# Date: Mon Apr 06 21:32:28 EDT 2020
# Player 1: Player-0, '260787692', running on GBowen
# Player 2: Player-1, 'RandomPlayer', running on GBowen
START Player-0 260787692
START Player-1 RandomPlayer
BoardInit:Tile:9,Tile:6,Tile:5,Map,Tile:9,Tile:6,Tile:5,Tile:6,Bonus,Tile:8,Bonus,Tile:10,Tile:1,Map,Tile:9,Destroy,Tile:0,Bonus,Map,Bonus,Tile:6,Tile:8,Tile:5,Tile:10,Tile:6,Tile:7,Destroy,Tile:7,Tile:15,Tile:7,Tile:11,Tile:8,Tile:7,Tile:12,Tile:9,Tile:13,Tile:0,Tile:2,Malus,Tile:9,Map-Map,Tile:10,Malus,Destroy,Tile:3,Map,Tile:4-Tile:7,Tile:8,Tile:8,Tile:0,Tile:14,Tile:5,Tile:0-Tile:hidden2,Tile:nugget,Tile:hidden1
Tile:3_flip 5 6 1
Tile:8 6 5 0
Drop 1 0 1
Tile:8 7 5 0
Drop 1 0 1
Map 12 5 0
Tile:9 5 4 1
Tile:0 8 5 0
Tile:9 5 3 1
Tile:0 9 5 0
Destroy 9 5 1
Tile:6 9 5 0
Tile:4 7 4 1
Tile:6 10 5 0
Tile:5_flip 6 6 1
Tile:6 11 5 0
GAMEOVER WINNER 0
# Game ended: Mon Apr 06 21:32:28 EDT 2020
