# Server version 0.08 running on GBowen:8123
# Game ID: 33
# Board class: Saboteur.SaboteurBoard
# Timeout: 2000
# First Move Timeout: 30000
# Date: Mon Apr 06 22:54:41 EDT 2020
# Player 1: Player-0, '260787692', running on GBowen
# Player 2: Player-1, 'RandomPlayer', running on GBowen
START Player-0 260787692
START Player-1 RandomPlayer
BoardInit:Tile:7,Tile:7,Map,Malus,Tile:12,Tile:15,Bonus,Bonus,Tile:6,Tile:7,Tile:0,Tile:14,Tile:8,Tile:0,Tile:8,Tile:9,Tile:11,Tile:5,Tile:9,Destroy,Tile:8,Tile:10,Tile:7,Map,Tile:6,Tile:10,Tile:9,Tile:0,Tile:9,Tile:9,Tile:5,Tile:1,Tile:3,Tile:8,Tile:2,Tile:6,Tile:6,Tile:10,Tile:7,Tile:0,Tile:8-Map,Tile:5,Destroy,Map,Bonus,Malus,Destroy-Bonus,Tile:5,Tile:4,Map,Map,Tile:6,Tile:13-Tile:hidden1,Tile:hidden2,Tile:nugget
Drop 5 0 1
Map 12 5 0
Drop 1 0 1
Map 12 5 0
Drop 2 0 1
Tile:5 5 4 0
Drop 2 0 1
Tile:6 6 4 0
Drop 0 0 1
Tile:7 6 5 0
Drop 1 0 1
Tile:13 4 5 0
Tile:6 4 6 1
Tile:7 4 4 0
Drop 3 0 1
Tile:0 7 4 0
Destroy 4 4 1
Tile:9_flip 8 4 0
Tile:8 6 6 1
Tile:5 8 3 0
Tile:7 4 4 1
Destroy 6 4 0
Tile:8 3 6 1
Tile:10 8 5 0
Tile:11_flip 3 7 1
Map 12 5 0
Drop 3 0 1
Tile:14 3 8 0
Tile:6 5 6 1
Tile:0 7 6 0
Map 12 3 1
Tile:9_flip 9 3 0
Tile:7_flip 2 8 1
Tile:10 9 4 0
Tile:9 3 5 1
Tile:8 8 6 0
Tile:2 9 2 1
Tile:6 10 2 0
Tile:6 6 4 1
Tile:10 9 5 0
Drop 0 0 1
Tile:0 11 2 0
Tile:8 9 6 1
Tile:1 2 6 0
Tile:3_flip 8 2 1
Drop 3 0 0
Tile:9 10 1 1
Drop 1 0 0
Tile:8 6 7 1
Drop 1 0 0
Tile:7 10 0 1
Drop 1 0 0
Tile:5 8 1 1
Drop 0 0 0
Tile:0 7 7 1
GAMEOVER DRAW
# Game ended: Mon Apr 06 22:54:42 EDT 2020
