# Server version 0.08 running on GBowen:8123
# Game ID: 76
# Board class: Saboteur.SaboteurBoard
# Timeout: 2000
# First Move Timeout: 30000
# Date: Tue Apr 07 19:25:10 EDT 2020
# Player 1: Player-0, '260787692', running on GBowen
# Player 2: Player-1, 'RandomPlayer', running on GBowen
START Player-0 260787692
START Player-1 RandomPlayer
BoardInit:Tile:12,Tile:5,Tile:6,Tile:5,Map,Tile:0,Bonus,Tile:0,Tile:4,Tile:6,Tile:7,Tile:6,Bonus,Tile:7,Tile:8,Tile:9,Tile:5,Tile:8,Tile:7,Tile:0,Map,Map,Tile:13,Bonus,Tile:9,Tile:8,Malus,Map,Tile:1,Tile:9,Tile:7,Tile:15,Destroy,Tile:5,Tile:11,Tile:7,Tile:6,Malus,Tile:8,Tile:10,Destroy-Tile:2,Tile:0,Bonus,Tile:6,Tile:9,Tile:10,Tile:3-Tile:14,Map,Tile:8,Tile:9,Destroy,Tile:10,Map-Tile:hidden2,Tile:nugget,Tile:hidden1
Tile:9_flip 6 5 1
Map 12 5 0
Tile:2 5 4 1
Tile:8 6 4 0
Drop 2 0 1
Tile:9_flip 7 4 0
Tile:6_flip 7 3 1
Drop 5 0 0
Drop 0 0 1
Tile:0 8 3 0
Tile:3 9 3 1
Tile:10 9 4 0
Tile:7_flip 4 4 1
Tile:6 9 5 0
Tile:4_flip 7 5 1
Tile:5 8 5 0
Map 12 5 1
Tile:0 10 5 0
Tile:5_flip 11 5 1
Tile:6 6 6 0
Tile:10 11 4 1
Tile:7_flip 8 6 0
Tile:8 5 6 1
Tile:9 11 3 0
Tile:13 4 3 1
Tile:8 11 2 0
Tile:7 7 6 1
Tile:0 9 6 0
Tile:12 10 6 1
Tile:8 7 7 0
Tile:9_flip 11 1 1
Tile:9 11 0 0
Tile:7 8 7 1
Map 12 7 0
Destroy 9 6 1
Tile:5_flip 12 2 0
Tile:1 10 2 1
Tile:7 12 0 0
Tile:6_flip 9 6 1
Tile:15 9 7 0
Tile:11 8 8 1
Tile:10 7 8 0
Destroy 12 2 1
Destroy 9 6 0
Drop 4 0 1
Tile:14_flip 3 3 0
Tile:8 12 2 1
Drop 1 0 0
Map 12 7 1
Map 12 3 0
Drop 0 0 1
Drop 0 0 0
Drop 1 0 1
Drop 0 0 0
Drop 0 0 1
GAMEOVER DRAW
# Game ended: Tue Apr 07 19:25:10 EDT 2020
