# Server version 0.08 running on GBowen:8123
# Game ID: 59
# Board class: Saboteur.SaboteurBoard
# Timeout: 2000
# First Move Timeout: 30000
# Date: Tue Apr 07 17:25:14 EDT 2020
# Player 1: Player-0, '260787692', running on GBowen
# Player 2: Player-1, 'RandomPlayer', running on GBowen
START Player-0 260787692
START Player-1 RandomPlayer
BoardInit:Tile:7,Bonus,Map,Bonus,Tile:8,Tile:5,Tile:15,Tile:9,Tile:9,Map,Tile:3,Tile:6,Tile:6,Tile:0,Tile:9,Tile:0,Map,Tile:6,Destroy,Tile:7,Tile:6,Tile:6,Tile:4,Tile:7,Tile:12,Destroy,Tile:5,Tile:7,Tile:1,Tile:8,Tile:10,Tile:5,Malus,Tile:2,Tile:13,Map,Tile:0,Tile:0,Bonus,Tile:8,Bonus-Tile:5,Tile:8,Destroy,Tile:11,Tile:7,Map,Tile:10-Tile:14,Map,Tile:10,Tile:9,Tile:8,Malus,Tile:9-Tile:nugget,Tile:hidden2,Tile:hidden1
Tile:11 4 5 1
Map 12 5 0
Tile:7_flip 5 6 1
Tile:10 5 4 0
Tile:7 4 4 1
Tile:9 5 3 0
Drop 4 0 1
Tile:8 6 3 0
Tile:8 6 6 1
Tile:9 6 4 0
Tile:8 5 2 1
Map 12 5 0
Destroy 6 6 1
Tile:6 7 3 0
Tile:5 5 1 1
Tile:0 8 3 0
Tile:9 7 2 1
Tile:0 9 3 0
Tile:9_flip 6 2 1
Tile:6 10 3 0
Destroy 7 2 1
Tile:14_flip 3 4 0
Drop 5 0 1
Tile:6 11 3 0
GAMEOVER WINNER 0
# Game ended: Tue Apr 07 17:25:14 EDT 2020
