# Server version 0.08 running on GBowen:8123
# Game ID: 32
# Board class: Saboteur.SaboteurBoard
# Timeout: 2000
# First Move Timeout: 30000
# Date: Mon Apr 06 22:54:30 EDT 2020
# Player 1: Player-0, '260787692', running on GBowen
# Player 2: Player-1, 'RandomPlayer', running on GBowen
START Player-0 260787692
START Player-1 RandomPlayer
BoardInit:Tile:7,Map,Tile:8,Tile:6,Tile:8,Destroy,Tile:9,Tile:6,Tile:8,Tile:6,Map,Destroy,Malus,Tile:5,Tile:9,Tile:9,Tile:5,Tile:14,Tile:2,Tile:0,Tile:0,Tile:8,Tile:7,Map,Bonus,Tile:10,Tile:1,Tile:0,Bonus,Tile:8,Tile:15,Tile:5,Tile:7,Bonus,Tile:11,Tile:6,Tile:10,Destroy,Map,Map,Tile:7-Map,Tile:7,Tile:13,Tile:10,Bonus,Tile:9,Tile:4-Tile:5,Tile:12,Tile:0,Tile:9,Tile:6,Tile:3,Malus-Tile:nugget,Tile:hidden1,Tile:hidden2
Drop 3 0 1
Tile:0 6 5 0
Map 12 3 1
Map 12 5 0
Drop 4 0 1
Tile:5_flip 7 5 0
Drop 2 0 1
Tile:9 7 4 0
Tile:9 4 5 1
Tile:6 8 4 0
Tile:8 8 3 1
Tile:6 9 3 0
Tile:7_flip 4 6 1
Tile:6 10 3 0
Drop 5 0 1
Tile:6 11 3 0
GAMEOVER WINNER 0
# Game ended: Mon Apr 06 22:54:30 EDT 2020
