# Server version 0.08 running on GBowen:8123
# Game ID: 55
# Board class: Saboteur.SaboteurBoard
# Timeout: 2000
# First Move Timeout: 30000
# Date: Tue Apr 07 17:23:20 EDT 2020
# Player 1: Player-0, '260787692', running on GBowen
# Player 2: Player-1, 'RandomPlayer', running on GBowen
START Player-0 260787692
START Player-1 RandomPlayer
BoardInit:Destroy,Malus,Tile:0,Tile:8,Tile:10,Tile:0,Tile:8,Tile:8,Tile:0,Tile:7,Tile:10,Tile:7,Map,Tile:9,Bonus,Map,Tile:5,Tile:6,Tile:13,Tile:9,Tile:5,Tile:6,Map,Tile:9,Destroy,Map,Tile:14,Map,Tile:2,Tile:12,Malus,Tile:10,Map,Tile:7,Tile:6,Tile:0,Tile:3,Tile:9,Tile:15,Tile:11,Tile:5-Tile:6,Tile:5,Tile:7,Tile:6,Tile:8,Tile:4,Bonus-Tile:9,Tile:7,Tile:1,Bonus,Destroy,Bonus,Tile:8-Tile:hidden1,Tile:nugget,Tile:hidden2
Tile:6_flip 4 5 1
Tile:8 6 5 0
Drop 5 0 1
Tile:1 7 5 0
Tile:5_flip 8 5 1
Tile:9 6 4 0
Destroy 7 5 1
Tile:8 7 4 0
Tile:4 5 4 1
Tile:8 8 4 0
Tile:8 6 3 1
Tile:7 9 4 0
Tile:7 8 3 1
Tile:7_flip 9 5 0
Tile:10 6 2 1
Tile:0 10 5 0
Tile:0 5 3 1
Map 12 5 0
Tile:5 4 3 1
Tile:6 11 5 0
GAMEOVER WINNER 0
# Game ended: Tue Apr 07 17:23:20 EDT 2020
