# Server version 0.08 running on GBowen:8123
# Game ID: 56
# Board class: Saboteur.SaboteurBoard
# Timeout: 2000
# First Move Timeout: 30000
# Date: Tue Apr 07 17:23:34 EDT 2020
# Player 1: Player-0, '260787692', running on GBowen
# Player 2: Player-1, 'RandomPlayer', running on GBowen
START Player-0 260787692
START Player-1 RandomPlayer
BoardInit:Tile:6,Tile:8,Tile:9,Map,Tile:8,Tile:0,Tile:7,Tile:8,Destroy,Tile:5,Tile:6,Tile:6,Tile:12,Tile:7,Destroy,Tile:13,Bonus,Tile:0,Tile:15,Map,Tile:14,Tile:10,Tile:0,Tile:9,Tile:8,Map,Tile:7,Destroy,Tile:5,Tile:9,Tile:10,Tile:6,Tile:4,Map,Map,Tile:11,Tile:6,Tile:0,Tile:3,Bonus,Tile:7-Tile:5,Malus,Bonus,Map,Tile:2,Tile:1,Malus-Tile:5,Tile:9,Bonus,Tile:9,Tile:10,Tile:8,Tile:7-Tile:hidden2,Tile:hidden1,Tile:nugget
Malus 0 0 1
Bonus 0 0 0
Tile:5 4 5 1
Tile:8 6 5 0
Tile:9_flip 7 5 1
Map 12 5 0
Tile:8 4 6 1
Tile:5 7 4 0
Tile:7 8 4 1
Tile:9 8 5 0
Tile:6 5 6 1
Tile:9_flip 9 5 0
Tile:2_flip 9 6 1
Tile:10 9 4 0
Drop 3 0 1
Tile:8 9 3 0
Tile:6_flip 5 4 1
Tile:0 10 3 0
Destroy 8 4 1
Tile:7 10 6 0
Destroy 8 5 1
Map 12 5 0
Tile:14_flip 3 6 1
Tile:8 9 2 0
Drop 2 0 1
Tile:5 9 1 0
Tile:12_flip 8 6 1
Map 12 5 0
Tile:0 10 2 1
Tile:6 10 1 0
Tile:7 6 4 1
Tile:7 11 1 0
Tile:5_flip 7 6 1
Tile:0 8 2 0
Tile:4_flip 3 7 1
Map 12 5 0
Tile:8 11 2 1
Tile:10 10 7 0
Tile:6 6 6 1
Tile:9 7 2 0
Tile:15 10 0 1
Tile:9 4 7 0
Map 12 5 1
Tile:6 4 8 0
Map 12 3 1
Tile:0 5 8 0
Tile:7_flip 8 5 1
Destroy 9 4 0
Drop 3 0 1
Tile:11_flip 9 4 0
Drop 0 0 1
Tile:13 8 4 0
Drop 0 0 1
Drop 0 0 0
Drop 0 0 1
GAMEOVER DRAW
# Game ended: Tue Apr 07 17:23:35 EDT 2020
