# Server version 0.08 running on GBowen:8123
# Game ID: 19
# Board class: Saboteur.SaboteurBoard
# Timeout: 2000
# First Move Timeout: 30000
# Date: Mon Apr 06 22:20:39 EDT 2020
# Player 1: Player-0, '260787692', running on GBowen
# Player 2: Player-1, 'RandomPlayer', running on GBowen
START Player-0 260787692
START Player-1 RandomPlayer
BoardInit:Tile:4,Tile:1,Tile:8,Tile:7,Tile:6,Tile:14,Tile:0,Tile:7,Malus,Tile:9,Tile:2,Tile:9,Tile:7,Tile:7,Bonus,Bonus,Tile:6,Tile:8,Map,Tile:5,Tile:10,Malus,Destroy,Tile:0,Tile:3,Tile:6,Tile:6,Tile:12,Tile:0,Tile:13,Map,Tile:9,Tile:10,Tile:11,Destroy,Tile:10,Tile:8,Map,Tile:5,Tile:5,Tile:15-Tile:5,Tile:9,Tile:8,Map,Bonus,Tile:8,Tile:0-Bonus,Map,Tile:7,Map,Tile:9,Tile:6,Destroy-Tile:hidden1,Tile:hidden2,Tile:nugget
Tile:8 5 4 1
Map 12 5 0
Tile:8 6 4 1
Map 12 5 0
Map 12 5 1
Tile:9 6 3 0
Tile:5_flip 6 5 1
Tile:6 7 3 0
Tile:6_flip 4 4 1
Tile:7_flip 5 6 0
Tile:8 7 2 1
Tile:9_flip 5 3 0
Tile:2 3 4 1
Drop 2 0 0
Tile:9 3 5 1
Destroy 5 3 0
Tile:7 6 6 1
Tile:9 6 2 0
Tile:4 5 3 1
Tile:8 8 3 0
Tile:0 7 4 1
Tile:5_flip 8 4 0
Tile:10 7 1 1
Tile:7_flip 2 4 0
Tile:6 9 3 1
Tile:0 10 3 0
Destroy 9 3 1
Tile:7 11 3 0
Drop 2 0 1
Tile:7_flip 11 4 0
Tile:0 9 3 1
Tile:6 12 4 0
Tile:6_flip 2 3 1
Tile:9_flip 13 4 0
Drop 3 0 1
Tile:13 7 0 0
Drop 3 0 1
Tile:11_flip 6 1 0
Tile:8 13 3 1
Tile:12_flip 5 1 0
Destroy 7 4 1
Drop 2 0 0
Tile:10 13 5 1
Tile:5_flip 3 3 0
Map 12 5 1
Tile:10 3 2 0
Drop 1 0 1
Map 12 5 0
Map 12 5 1
Tile:14_flip 6 0 0
Tile:5 1 3 1
Drop 0 0 0
Tile:15 12 2 1
Malus 0 0 0
Bonus 0 0 1
GAMEOVER DRAW
# Game ended: Mon Apr 06 22:20:39 EDT 2020
