# Server version 0.08 running on GBowen:8123
# Game ID: 41
# Board class: Saboteur.SaboteurBoard
# Timeout: 2000
# First Move Timeout: 30000
# Date: Mon Apr 06 22:56:39 EDT 2020
# Player 1: Player-0, '260787692', running on GBowen
# Player 2: Player-1, 'RandomPlayer', running on GBowen
START Player-0 260787692
START Player-1 RandomPlayer
BoardInit:Tile:7,Map,Tile:3,Tile:5,Tile:7,Tile:10,Tile:14,Tile:5,Tile:10,Map,Tile:7,Tile:5,Tile:0,Map,Map,Destroy,Tile:8,Tile:9,Tile:12,Tile:8,Tile:9,Tile:4,Tile:0,Malus,Tile:9,Tile:8,Tile:5,Tile:0,Bonus,Tile:6,Tile:6,Destroy,Destroy,Tile:8,Malus,Tile:13,Bonus,Tile:6,Tile:10,Tile:6,Tile:7-Map,Bonus,Tile:0,Tile:11,Tile:7,Bonus,Tile:1-Tile:6,Tile:15,Tile:2,Tile:9,Tile:9,Map,Tile:8-Tile:nugget,Tile:hidden2,Tile:hidden1
Tile:0 4 5 1
Map 12 5 0
Tile:11_flip 6 5 1
Map 12 5 0
Tile:7_flip 6 6 1
Tile:6 7 6 0
Tile:7 5 4 1
Tile:9 6 4 0
Map 12 5 1
Tile:9 6 3 0
Drop 0 0 1
Map 12 5 0
Tile:1 8 6 1
Tile:8 6 2 0
Tile:7_flip 5 2 1
Map 12 5 0
Tile:7_flip 4 4 1
Tile:5 5 1 0
Tile:3 4 3 1
Tile:10 5 6 0
Tile:14 7 4 1
Tile:5 7 5 0
Tile:9_flip 6 1 1
Tile:5 6 0 0
Drop 4 0 1
Tile:9 5 7 0
Tile:0 6 7 1
Tile:8 7 0 0
Tile:5_flip 5 8 1
Tile:8 7 2 0
Tile:12_flip 4 8 1
Tile:0 7 7 0
Tile:9 7 1 1
Tile:6 8 0 0
Tile:0 8 7 1
Tile:8 7 3 0
Tile:6_flip 9 6 1
Tile:13 9 7 0
Destroy 5 4 1
Tile:6 8 5 0
Drop 4 0 1
Tile:2_flip 9 5 0
Tile:7_flip 9 8 1
Destroy 6 3 0
Drop 4 0 1
Tile:6 10 7 0
Tile:10 8 4 1
Destroy 6 6 0
Drop 3 0 1
Tile:15 9 4 0
Map 12 3 1
Tile:4 9 3 0
Drop 1 0 1
Drop 0 0 0
Drop 0 0 1
GAMEOVER DRAW
# Game ended: Mon Apr 06 22:56:39 EDT 2020
