# Server version 0.08 running on GBowen:8123
# Game ID: 67
# Board class: Saboteur.SaboteurBoard
# Timeout: 2000
# First Move Timeout: 30000
# Date: Tue Apr 07 19:19:18 EDT 2020
# Player 1: Player-0, '260787692', running on GBowen
# Player 2: Player-1, 'RandomPlayer', running on GBowen
START Player-0 260787692
START Player-1 RandomPlayer
BoardInit:Tile:6,Tile:10,Map,Tile:10,Tile:2,Tile:8,Bonus,Tile:7,Tile:5,Tile:12,Tile:9,Map,Map,Tile:15,Tile:6,Tile:11,Destroy,Tile:5,Tile:10,Tile:7,Tile:6,Tile:0,Tile:6,Tile:8,Tile:8,Tile:6,Tile:5,Tile:8,Tile:7,Map,Bonus,Tile:8,Tile:1,Tile:9,Tile:0,Tile:7,Tile:9,Tile:5,Destroy,Malus,Bonus-Tile:14,Tile:0,Tile:9,Tile:9,Tile:4,Tile:7,Map-Map,Destroy,Tile:13,Malus,Tile:3,Bonus,Tile:0-Tile:hidden1,Tile:hidden2,Tile:nugget
Tile:7_flip 5 6 1
Map 12 5 0
Tile:9_flip 6 5 1
Tile:10 6 4 0
Tile:14_flip 4 5 1
Tile:10 4 6 0
Drop 2 0 1
Tile:8 6 3 0
Tile:2 5 3 1
Tile:0 7 3 0
Map 12 3 1
Tile:7 6 2 0
Tile:5_flip 8 3 1
Map 12 5 0
Tile:9 4 7 1
Destroy 5 6 0
Tile:6 5 2 1
Tile:15 8 2 0
Destroy 6 2 1
Tile:5 5 1 0
Tile:6 6 6 1
Tile:7_flip 4 2 0
Tile:10 8 1 1
Tile:0 7 6 0
Tile:9_flip 8 0 1
Tile:8 8 6 0
Drop 3 0 1
Tile:6 9 6 0
Tile:6_flip 9 5 1
Tile:8 10 5 0
Tile:7_flip 4 8 1
Map 12 5 0
Tile:5_flip 11 5 1
Tile:8 11 4 0
Drop 0 0 1
Tile:9 11 3 0
Tile:6_flip 6 2 1
Drop 5 0 0
Tile:9 10 4 1
Tile:13 8 7 0
Drop 1 0 1
Tile:5 4 3 0
Map 12 7 1
Tile:3 10 3 0
Drop 4 0 1
Tile:7 9 7 0
Tile:1 13 3 1
Drop 2 0 0
Tile:8 12 4 1
Malus 0 0 0
Drop 0 0 1
Malus 0 0 0
Bonus 0 0 1
Drop 0 0 0
Drop 0 0 1
GAMEOVER DRAW
# Game ended: Tue Apr 07 19:19:18 EDT 2020
