# Server version 0.08 running on GBowen:8123
# Game ID: 37
# Board class: Saboteur.SaboteurBoard
# Timeout: 2000
# First Move Timeout: 30000
# Date: Mon Apr 06 22:55:54 EDT 2020
# Player 1: Player-0, '260787692', running on GBowen
# Player 2: Player-1, 'RandomPlayer', running on GBowen
START Player-0 260787692
START Player-1 RandomPlayer
BoardInit:Tile:4,Tile:3,Tile:6,Bonus,Tile:7,Bonus,Tile:11,Tile:0,Tile:12,Tile:8,Map,Tile:15,Tile:9,Tile:8,Malus,Tile:0,Tile:9,Tile:6,Tile:1,Tile:7,Map,Tile:10,Destroy,Tile:7,Tile:6,Tile:13,Tile:10,Tile:6,Map,Tile:14,Tile:8,Tile:6,Destroy,Map,Tile:8,Tile:7,Map,Tile:0,Tile:5,Bonus,Bonus-Tile:5,Tile:9,Tile:9,Tile:2,Tile:5,Tile:7,Tile:9-Tile:8,Tile:10,Malus,Tile:5,Destroy,Map,Tile:0-Tile:nugget,Tile:hidden2,Tile:hidden1
Drop 5 0 1
Map 12 5 0
Tile:9_flip 5 4 1
Tile:8 5 3 0
Tile:2 6 5 1
Tile:0 6 3 0
Tile:5 4 5 1
Tile:3 7 5 0
Tile:11 4 6 1
Tile:0 7 3 0
Tile:5 5 2 1
Tile:8 8 3 0
Drop 0 0 1
Tile:15 6 6 0
Tile:6 4 7 1
Tile:8 9 3 0
Tile:7 5 7 1
Destroy 5 3 0
Tile:9 5 3 1
Tile:5_flip 5 6 0
Tile:9_flip 5 8 1
Tile:0 10 3 0
Tile:9_flip 8 4 1
Tile:6 11 3 0
GAMEOVER WINNER 0
# Game ended: Mon Apr 06 22:55:54 EDT 2020
