# Server version 0.08 running on GBowen:8123
# Game ID: 87
# Board class: Saboteur.SaboteurBoard
# Timeout: 2000
# First Move Timeout: 30000
# Date: Tue Apr 07 19:28:33 EDT 2020
# Player 1: Player-0, '260787692', running on GBowen
# Player 2: Player-1, 'RandomPlayer', running on GBowen
START Player-0 260787692
START Player-1 RandomPlayer
BoardInit:Destroy,Tile:8,Bonus,Tile:9,Tile:14,Map,Tile:15,Tile:8,Tile:6,Tile:0,Tile:6,Tile:1,Bonus,Tile:10,Tile:6,Map,Tile:5,Map,Tile:10,Tile:0,Tile:11,Tile:10,Tile:9,Tile:9,Tile:8,Tile:0,Malus,Tile:3,Destroy,Tile:2,Tile:5,Tile:4,Tile:9,Tile:0,Tile:9,Map,Tile:7,Tile:5,Tile:8,Destroy,Tile:6-Tile:6,Tile:7,Tile:13,Bonus,Malus,Tile:7,Map-Tile:12,Tile:8,Tile:5,Bonus,Map,Tile:7,Tile:7-Tile:hidden2,Tile:nugget,Tile:hidden1
Tile:6 6 5 1
Map 12 5 0
Map 12 7 1
Tile:8 7 5 0
Drop 4 0 1
Tile:8 8 5 0
Drop 4 0 1
Tile:9 5 6 0
Tile:15 8 4 1
Tile:8 9 5 0
Tile:14 7 6 1
Tile:7 5 4 0
Tile:7_flip 4 5 1
Tile:5_flip 9 6 0
Malus 0 0 1
Bonus 0 0 0
Drop 0 0 1
Tile:1 6 6 0
Tile:6_flip 4 4 1
Tile:10 7 4 0
Tile:6_flip 10 5 1
Tile:0 11 5 0
GAMEOVER WINNER 0
# Game ended: Tue Apr 07 19:28:34 EDT 2020
