# Server version 0.08 running on GBowen:8123
# Game ID: 39
# Board class: Saboteur.SaboteurBoard
# Timeout: 2000
# First Move Timeout: 30000
# Date: Mon Apr 06 22:56:17 EDT 2020
# Player 1: Player-0, '260787692', running on GBowen
# Player 2: Player-1, 'RandomPlayer', running on GBowen
START Player-0 260787692
START Player-1 RandomPlayer
BoardInit:Tile:4,Map,Tile:9,Tile:10,Tile:8,Tile:6,Tile:7,Tile:7,Destroy,Destroy,Tile:5,Tile:12,Tile:5,Tile:0,Tile:14,Tile:9,Tile:6,Tile:2,Destroy,Tile:6,Bonus,Bonus,Tile:7,Tile:6,Tile:0,Tile:10,Map,Tile:9,Tile:5,Map,Tile:15,Tile:9,Tile:11,Malus,Tile:6,Map,Tile:5,Tile:1,Tile:13,Tile:7,Tile:0-Tile:10,Tile:8,Malus,Tile:3,Tile:8,Tile:8,Tile:8-Map,Bonus,Tile:9,Tile:7,Map,Bonus,Tile:0-Tile:hidden1,Tile:hidden2,Tile:nugget
Tile:3_flip 4 5 1
Map 12 5 0
Tile:10 4 4 1
Map 12 5 0
Drop 4 0 1
Map 12 5 0
Tile:8 5 6 1
Tile:9 4 3 0
Tile:8 6 6 1
Tile:0 5 3 0
Drop 1 0 1
Tile:7 6 3 0
Tile:7_flip 6 7 1
Tile:6 6 4 0
Tile:4_flip 5 7 1
Tile:7 7 4 0
Tile:14_flip 4 2 1
Tile:0 5 2 0
Tile:5_flip 7 6 1
Tile:9 7 5 0
Malus 0 0 1
Bonus 0 0 0
Destroy 7 4 1
Destroy 5 2 0
Tile:5 5 4 1
Drop 5 0 0
Destroy 6 7 1
Drop 2 0 0
Tile:8 8 5 1
Tile:2_flip 5 2 0
Tile:9 5 1 1
Map 12 5 0
Tile:15 8 6 1
Tile:6 6 2 0
Tile:7 9 5 1
Drop 4 0 0
Tile:6_flip 7 2 1
Map 12 5 0
Tile:5 4 6 1
Tile:6 8 2 0
Tile:6_flip 6 1 1
Tile:10 8 4 0
Tile:0 7 1 1
Tile:7 9 2 0
Tile:11_flip 8 1 1
Tile:9 7 3 0
Tile:5 8 0 1
Drop 1 0 0
Drop 0 0 1
Drop 0 0 0
Map 12 5 1
Drop 1 0 0
Drop 1 0 1
Malus 0 0 0
Drop 0 0 1
GAMEOVER DRAW
# Game ended: Mon Apr 06 22:56:17 EDT 2020
