# Server version 0.08 running on GBowen:8123
# Game ID: 43
# Board class: Saboteur.SaboteurBoard
# Timeout: 2000
# First Move Timeout: 30000
# Date: Mon Apr 06 22:57:12 EDT 2020
# Player 1: Player-0, '260787692', running on GBowen
# Player 2: Player-1, 'RandomPlayer', running on GBowen
START Player-0 260787692
START Player-1 RandomPlayer
BoardInit:Tile:9,Tile:5,Tile:0,Map,Tile:8,Map,Destroy,Tile:5,Tile:9,Tile:1,Malus,Tile:9,Tile:0,Tile:8,Tile:10,Tile:14,Tile:13,Map,Tile:2,Tile:7,Malus,Tile:9,Tile:6,Map,Map,Tile:4,Tile:5,Bonus,Tile:6,Tile:8,Tile:0,Tile:15,Destroy,Bonus,Tile:6,Tile:7,Tile:7,Tile:10,Map,Tile:8,Tile:10-Tile:7,Bonus,Tile:5,Tile:12,Tile:6,Tile:11,Tile:9-Bonus,Tile:7,Tile:3,Destroy,Tile:6,Tile:8,Tile:0-Tile:hidden2,Tile:nugget,Tile:hidden1
Tile:6 5 6 1
Tile:6 6 5 0
Tile:7 5 4 1
Tile:8 7 5 0
Drop 3 0 1
Map 12 5 0
Tile:12_flip 4 4 1
Tile:0 8 5 0
Tile:9_flip 7 4 1
Tile:5 6 4 0
Tile:0 6 6 1
Map 12 5 0
Drop 2 0 1
Tile:9_flip 7 6 0
Drop 3 0 1
Tile:8 9 5 0
Tile:10 9 6 1
Destroy 9 5 0
Tile:9_flip 9 7 1
Tile:3_flip 4 6 0
Tile:5 4 5 1
Tile:7 9 5 0
Tile:2 8 7 1
Tile:7_flip 9 8 0
Drop 2 0 1
Tile:5_flip 10 8 0
Drop 3 0 1
Tile:9 10 7 0
Drop 3 0 1
Tile:14_flip 10 6 0
Tile:6 11 7 1
Tile:8 12 6 0
GAMEOVER WINNER 0
# Game ended: Mon Apr 06 22:57:12 EDT 2020
