# Server version 0.08 running on GBowen:8123
# Game ID: 78
# Board class: Saboteur.SaboteurBoard
# Timeout: 2000
# First Move Timeout: 30000
# Date: Tue Apr 07 19:25:37 EDT 2020
# Player 1: Player-0, '260787692', running on GBowen
# Player 2: Player-1, 'RandomPlayer', running on GBowen
START Player-0 260787692
START Player-1 RandomPlayer
BoardInit:Destroy,Tile:9,Tile:7,Tile:7,Tile:10,Tile:0,Map,Tile:8,Tile:0,Tile:9,Tile:7,Map,Tile:9,Tile:8,Tile:9,Tile:13,Malus,Tile:2,Tile:7,Bonus,Tile:1,Bonus,Malus,Tile:0,Bonus,Tile:8,Tile:6,Tile:10,Tile:12,Tile:5,Tile:15,Map,Map,Map,Tile:6,Bonus,Tile:0,Tile:5,Tile:14,Map,Tile:5-Tile:6,Tile:7,Tile:10,Destroy,Tile:8,Tile:8,Tile:6-Tile:4,Destroy,Tile:3,Tile:11,Tile:9,Tile:6,Tile:5-Tile:hidden2,Tile:hidden1,Tile:nugget
Tile:8 4 5 1
Tile:6 6 5 0
Tile:10 5 4 1
Tile:9 3 5 0
Tile:6 5 6 1
Tile:9 4 6 0
Tile:7 7 5 1
Tile:7_flip 7 6 0
Tile:10 6 4 1
Tile:5_flip 8 6 0
Tile:7 4 4 1
Tile:9 8 5 0
Tile:8 5 3 1
Map 12 5 0
Tile:6_flip 8 4 1
Tile:0 9 4 0
Tile:9_flip 4 7 1
Tile:8 10 4 0
Map 12 7 1
Tile:8 10 3 0
Tile:0 11 3 1
Tile:2 10 2 0
Destroy 8 6 1
Tile:4 12 2 0
Tile:7 6 3 1
Tile:0 9 5 0
Tile:7_flip 9 3 1
Tile:8 8 6 0
Tile:6_flip 5 2 1
Tile:10 12 4 0
Tile:12 6 2 1
Tile:11 3 7 0
Destroy 9 4 1
Tile:5 11 5 0
Tile:15 3 6 1
Destroy 5 6 0
Tile:9_flip 10 5 1
Drop 1 0 0
Tile:0 13 3 1
Tile:5 4 2 0
Tile:6 4 3 1
Tile:3_flip 12 6 0
Tile:5_flip 11 6 1
Drop 4 0 0
Drop 4 0 1
Drop 1 0 0
Tile:14 5 6 1
Drop 0 0 0
Tile:1 13 5 1
Drop 1 0 0
Drop 0 0 1
Drop 0 0 0
Malus 0 0 1
Drop 0 0 0
Drop 0 0 1
GAMEOVER DRAW
# Game ended: Tue Apr 07 19:25:38 EDT 2020
