# Server version 0.08 running on GBowen:8123
# Game ID: 29
# Board class: Saboteur.SaboteurBoard
# Timeout: 2000
# First Move Timeout: 30000
# Date: Mon Apr 06 22:53:48 EDT 2020
# Player 1: Player-0, '260787692', running on GBowen
# Player 2: Player-1, 'RandomPlayer', running on GBowen
START Player-0 260787692
START Player-1 RandomPlayer
BoardInit:Malus,Tile:6,Tile:9,Tile:15,Map,Tile:5,Tile:4,Bonus,Map,Tile:9,Tile:7,Tile:7,Tile:3,Tile:6,Tile:8,Destroy,Tile:10,Tile:0,Tile:7,Tile:12,Destroy,Tile:11,Bonus,Tile:5,Tile:7,Tile:6,Tile:14,Tile:6,Tile:5,Tile:5,Tile:7,Tile:8,Tile:8,Map,Tile:9,Bonus,Tile:10,Malus,Map,Tile:9,Tile:13-Tile:10,Map,Tile:0,Bonus,Tile:0,Tile:8,Destroy-Tile:8,Tile:1,Tile:6,Tile:2,Tile:9,Map,Tile:0-Tile:hidden1,Tile:nugget,Tile:hidden2
Tile:10 5 4 1
Map 12 5 0
Tile:8 4 5 1
Tile:8 6 5 0
Tile:9_flip 4 4 1
Tile:6 7 5 0
Drop 3 0 1
Tile:0 8 5 0
Map 12 5 1
Tile:6 9 5 0
Drop 1 0 1
Tile:2 3 4 0
Tile:4_flip 5 6 1
Drop 2 0 0
Tile:7 10 5 1
Tile:9 10 6 0
Destroy 5 4 1
Tile:5_flip 11 6 0
Tile:10 11 5 1
Tile:9 11 4 0
Map 12 7 1
Tile:7 12 4 0
GAMEOVER WINNER 0
# Game ended: Mon Apr 06 22:53:48 EDT 2020
