# Server version 0.08 running on GBowen:8123
# Game ID: 40
# Board class: Saboteur.SaboteurBoard
# Timeout: 2000
# First Move Timeout: 30000
# Date: Mon Apr 06 22:56:27 EDT 2020
# Player 1: Player-0, '260787692', running on GBowen
# Player 2: Player-1, 'RandomPlayer', running on GBowen
START Player-0 260787692
START Player-1 RandomPlayer
BoardInit:Map,Tile:0,Tile:9,Tile:10,Malus,Map,Tile:8,Destroy,Malus,Tile:1,Tile:8,Tile:7,Tile:15,Bonus,Tile:10,Tile:5,Tile:11,Tile:6,Tile:7,Map,Tile:6,Tile:0,Tile:9,Map,Destroy,Tile:6,Tile:0,Tile:5,Tile:0,Tile:8,Tile:6,Tile:6,Destroy,Tile:10,Map,Tile:8,Tile:2,Tile:7,Map,Bonus,Tile:7-Tile:12,Tile:8,Tile:13,Tile:3,Tile:7,Tile:9,Tile:14-Tile:4,Bonus,Tile:9,Tile:5,Tile:9,Bonus,Tile:5-Tile:nugget,Tile:hidden1,Tile:hidden2
Tile:3 5 4 1
Tile:9 5 6 0
Tile:13 6 5 1
Tile:5 6 4 0
Tile:14 6 6 1
Tile:9 5 7 0
Tile:7 6 7 1
Map 12 5 0
Map 12 5 1
Tile:5_flip 7 4 0
Tile:9 4 4 1
Tile:0 7 5 0
Drop 0 0 1
Tile:10 4 3 0
Tile:8 5 8 1
Tile:7 7 3 0
Drop 0 0 1
Tile:5 4 2 0
Tile:11 5 9 1
Tile:6 5 2 0
Tile:8 6 2 1
Map 12 5 0
Tile:6 6 9 1
Tile:0 7 2 0
Tile:8 7 9 1
Map 12 5 0
Tile:7 7 8 1
Destroy 7 2 0
Destroy 6 2 1
Tile:6 8 9 0
Tile:9 4 8 1
Tile:5_flip 4 9 0
Tile:6 6 2 1
Tile:8 5 10 0
Drop 0 0 1
Tile:10 4 7 0
Tile:0 7 2 1
Tile:8 9 9 0
Drop 4 0 1
Tile:4 6 1 0
Tile:2_flip 9 10 1
Tile:7 8 5 0
Tile:0 8 2 1
Tile:6_flip 8 10 0
Tile:7_flip 8 11 1
Tile:1 6 3 0
Map 12 3 1
Drop 1 0 0
Tile:10 5 1 1
Drop 1 0 0
Drop 0 0 1
Drop 1 0 0
Tile:15 5 11 1
Drop 0 0 0
Map 12 5 1
GAMEOVER DRAW
# Game ended: Mon Apr 06 22:56:28 EDT 2020
