# Server version 0.08 running on GBowen:8123
# Game ID: 28
# Board class: Saboteur.SaboteurBoard
# Timeout: 2000
# First Move Timeout: 30000
# Date: Mon Apr 06 22:53:37 EDT 2020
# Player 1: Player-0, '260787692', running on GBowen
# Player 2: Player-1, 'RandomPlayer', running on GBowen
START Player-0 260787692
START Player-1 RandomPlayer
BoardInit:Map,Tile:5,Bonus,Tile:8,Malus,Tile:8,Tile:4,Bonus,Map,Tile:6,Tile:5,Tile:6,Tile:7,Tile:11,Tile:0,Tile:9,Malus,Map,Tile:15,Tile:2,Map,Bonus,Tile:9,Tile:9,Tile:0,Map,Tile:6,Tile:6,Tile:0,Tile:8,Tile:1,Tile:10,Destroy,Tile:7,Tile:13,Destroy,Bonus,Tile:8,Tile:14,Destroy,Tile:7-Tile:3,Tile:0,Tile:5,Tile:9,Tile:6,Map,Tile:12-Tile:7,Tile:10,Tile:10,Tile:5,Tile:8,Tile:7,Tile:9-Tile:nugget,Tile:hidden2,Tile:hidden1
Map 12 3 1
Tile:8 6 5 0
Drop 5 0 1
Tile:7_flip 4 5 0
Drop 1 0 1
Tile:8 7 5 0
Drop 2 0 1
Tile:8 8 5 0
Tile:5 5 4 1
Tile:10 8 6 0
Tile:6_flip 9 5 1
Tile:6 10 5 0
Tile:4_flip 9 6 1
Tile:6 11 5 0
Tile:7 11 4 1
Tile:10 12 4 0
GAMEOVER WINNER 0
# Game ended: Mon Apr 06 22:53:37 EDT 2020
