# Server version 0.08 running on GBowen:8123
# Game ID: 31
# Board class: Saboteur.SaboteurBoard
# Timeout: 2000
# First Move Timeout: 30000
# Date: Mon Apr 06 22:54:19 EDT 2020
# Player 1: Player-0, '260787692', running on GBowen
# Player 2: Player-1, 'RandomPlayer', running on GBowen
START Player-0 260787692
START Player-1 RandomPlayer
BoardInit:Tile:4,Map,Tile:8,Tile:14,Malus,Tile:11,Map,Tile:10,Tile:6,Tile:0,Tile:7,Tile:8,Destroy,Tile:9,Bonus,Tile:12,Tile:5,Tile:15,Tile:0,Tile:7,Tile:7,Bonus,Tile:6,Tile:10,Map,Tile:0,Tile:7,Tile:2,Tile:8,Tile:8,Map,Tile:13,Tile:6,Tile:9,Tile:3,Tile:8,Tile:1,Tile:0,Tile:7,Bonus,Tile:5-Destroy,Tile:6,Malus,Map,Tile:9,Bonus,Tile:9-Tile:10,Tile:9,Map,Tile:5,Destroy,Tile:5,Tile:6-Tile:hidden2,Tile:hidden1,Tile:nugget
Tile:6 6 5 1
Map 12 5 0
Tile:9_flip 5 4 1
Map 12 5 0
Drop 4 0 1
Tile:10 6 4 0
Tile:8 4 5 1
Tile:9 6 3 0
Map 12 3 1
Tile:6 7 3 0
Tile:6_flip 4 4 1
Tile:0 8 3 0
Destroy 6 5 1
Tile:5 6 2 0
Tile:7 9 3 1
Tile:5_flip 9 4 0
Map 12 3 1
Tile:8 6 5 0
Tile:5_flip 7 5 1
Tile:9_flip 6 6 0
Destroy 9 4 1
Tile:7_flip 9 4 0
Tile:7_flip 5 6 1
Tile:10 4 6 0
Tile:6_flip 10 4 1
Tile:11_flip 4 7 0
Map 12 7 1
Tile:0 11 4 0
Drop 2 0 1
Destroy 6 6 0
Tile:7_flip 3 4 1
Tile:8 12 4 0
Map 12 7 1
Tile:10 12 6 0
GAMEOVER WINNER 0
# Game ended: Mon Apr 06 22:54:20 EDT 2020
