# Server version 0.08 running on GBowen:8123
# Game ID: 27
# Board class: Saboteur.SaboteurBoard
# Timeout: 2000
# First Move Timeout: 30000
# Date: Mon Apr 06 22:53:27 EDT 2020
# Player 1: Player-0, '260787692', running on GBowen
# Player 2: Player-1, 'RandomPlayer', running on GBowen
START Player-0 260787692
START Player-1 RandomPlayer
BoardInit:Malus,Tile:11,Map,Tile:10,Tile:7,Tile:0,Tile:7,Tile:7,Map,Tile:6,Tile:5,Tile:8,Tile:5,Tile:9,Tile:13,Tile:7,Tile:10,Tile:7,Tile:0,Tile:8,Tile:10,Bonus,Tile:4,Tile:0,Destroy,Destroy,Tile:1,Tile:8,Tile:3,Map,Bonus,Tile:12,Tile:6,Map,Tile:6,Tile:8,Tile:5,Tile:9,Tile:8,Tile:9,Tile:9-Destroy,Tile:9,Bonus,Tile:6,Tile:15,Tile:14,Tile:0-Bonus,Tile:2,Map,Tile:5,Tile:6,Malus,Map-Tile:hidden2,Tile:nugget,Tile:hidden1
Tile:6 6 5 1
Map 12 5 0
Tile:0 7 5 1
Tile:6 8 5 0
Tile:14_flip 5 4 1
Tile:11_flip 6 4 0
Map 12 5 1
Tile:0 9 5 0
Destroy 6 4 1
Tile:7 8 4 0
Tile:9_flip 5 6 1
Tile:6 10 5 0
Tile:7_flip 7 4 1
Tile:8 11 5 0
GAMEOVER WINNER 0
# Game ended: Mon Apr 06 22:53:27 EDT 2020
