# Server version 0.08 running on GBowen:8123
# Game ID: 22
# Board class: Saboteur.SaboteurBoard
# Timeout: 2000
# First Move Timeout: 30000
# Date: Mon Apr 06 22:21:25 EDT 2020
# Player 1: Player-0, '260787692', running on GBowen
# Player 2: Player-1, 'RandomPlayer', running on GBowen
START Player-0 260787692
START Player-1 RandomPlayer
BoardInit:Map,Tile:9,Tile:10,Tile:7,Tile:11,Map,Tile:0,Map,Tile:0,Tile:14,Tile:6,Map,Tile:6,Tile:15,Tile:7,Malus,Map,Tile:7,Tile:7,Destroy,Tile:1,Tile:5,Tile:9,Tile:8,Tile:5,Tile:6,Bonus,Tile:3,Bonus,Tile:12,Tile:6,Tile:10,Tile:5,Tile:6,Destroy,Tile:2,Destroy,Map,Tile:8,Tile:8,Tile:8-Tile:9,Tile:4,Tile:13,Tile:5,Tile:0,Tile:8,Bonus-Tile:0,Tile:9,Tile:7,Bonus,Tile:10,Malus,Tile:9-Tile:hidden1,Tile:hidden2,Tile:nugget
Tile:9 5 6 1
Tile:0 6 5 0
Drop 1 0 1
Tile:9 4 5 0
Tile:4_flip 4 6 1
Malus 0 0 0
Drop 2 0 1
Map 12 5 0
Map 12 5 1
Map 12 5 0
Bonus 0 0 1
Tile:9_flip 7 5 0
Drop 4 0 1
Map 12 5 0
Tile:0 6 6 1
Tile:10 7 4 0
Tile:5 4 4 1
Tile:9 7 3 0
Tile:6_flip 7 2 1
Malus 0 0 0
Map 12 7 1
Tile:7_flip 5 7 0
Drop 0 0 1
Tile:14 7 6 0
Drop 2 0 1
Tile:8 8 3 0
Drop 0 0 1
Tile:6 9 3 0
Drop 6 0 1
Tile:5 9 2 0
Drop 1 0 1
Tile:7 5 4 0
Drop 4 0 1
Tile:3 6 7 0
Drop 0 0 1
Tile:6 10 3 0
Destroy 7 3 1
Tile:7 11 3 0
Destroy 5 6 1
Map 12 5 0
Drop 4 0 1
Tile:8 10 2 0
Drop 5 0 1
Drop 4 0 0
Drop 4 0 1
Destroy 7 5 0
Drop 3 0 1
Drop 1 0 0
Drop 0 0 1
Tile:2_flip 11 2 0
Drop 0 0 1
Drop 1 0 0
Drop 1 0 1
Drop 0 0 0
Drop 0 0 1
GAMEOVER DRAW
# Game ended: Mon Apr 06 22:21:25 EDT 2020
