# Server version 0.08 running on GBowen:8123
# Game ID: 30
# Board class: Saboteur.SaboteurBoard
# Timeout: 2000
# First Move Timeout: 30000
# Date: Mon Apr 06 22:53:59 EDT 2020
# Player 1: Player-0, '260787692', running on GBowen
# Player 2: Player-1, 'RandomPlayer', running on GBowen
START Player-0 260787692
START Player-1 RandomPlayer
BoardInit:Bonus,Tile:0,Tile:9,Tile:7,Malus,Tile:7,Tile:6,Tile:0,Bonus,Tile:15,Tile:7,Destroy,Tile:6,Tile:4,Tile:9,Tile:8,Map,Map,Map,Tile:5,Malus,Tile:14,Map,Tile:7,Map,Tile:8,Tile:12,Destroy,Tile:0,Bonus,Tile:10,Tile:10,Tile:6,Tile:0,Tile:9,Tile:5,Tile:3,Tile:6,Tile:6,Tile:8,Tile:11-Tile:5,Tile:1,Tile:2,Tile:5,Tile:13,Tile:7,Bonus-Tile:9,Map,Destroy,Tile:9,Tile:8,Tile:10,Tile:8-Tile:hidden1,Tile:hidden2,Tile:nugget
Tile:7 5 4 1
Map 12 5 0
Tile:5 4 5 1
Tile:9_flip 6 5 0
Tile:2_flip 5 6 1
Tile:9 6 4 0
Tile:5_flip 7 4 1
Tile:8 7 3 0
Malus 0 0 1
Drop 3 0 0
Tile:1 4 4 1
Drop 3 0 0
Drop 0 0 1
Drop 3 0 0
Tile:7_flip 4 6 1
Drop 3 0 0
Tile:6 3 4 1
Drop 3 0 0
Tile:9_flip 6 6 1
Drop 3 0 0
Tile:9 6 3 1
Drop 3 0 0
Map 12 5 1
Drop 3 0 0
Map 12 5 1
Drop 3 0 0
Tile:6 8 3 1
Drop 3 0 0
Drop 5 0 1
Drop 3 0 0
Malus 0 0 1
Bonus 0 0 0
Map 12 5 1
Drop 3 0 0
Tile:6_flip 8 2 1
Drop 3 0 0
Drop 3 0 1
Drop 3 0 0
Tile:3_flip 2 4 1
Drop 3 0 0
Tile:9 6 7 1
Drop 3 0 0
Tile:11_flip 2 3 1
Drop 4 0 0
Drop 4 0 1
Drop 0 0 0
Tile:6_flip 9 2 1
Drop 2 0 0
Tile:0 10 2 1
Drop 1 0 0
Drop 0 0 1
Drop 1 0 0
Drop 1 0 1
Drop 0 0 0
Drop 0 0 1
GAMEOVER DRAW
# Game ended: Mon Apr 06 22:54:00 EDT 2020
