# Server version 0.08 running on GBowen:8123
# Game ID: 15
# Board class: Saboteur.SaboteurBoard
# Timeout: 2000
# First Move Timeout: 30000
# Date: Mon Apr 06 22:15:50 EDT 2020
# Player 1: Player-0, '260787692', running on GBowen
# Player 2: Player-1, 'RandomPlayer', running on GBowen
START Player-0 260787692
START Player-1 RandomPlayer
BoardInit:Tile:0,Destroy,Tile:7,Destroy,Tile:11,Bonus,Tile:9,Tile:0,Tile:15,Tile:9,Tile:7,Tile:6,Tile:7,Map,Tile:13,Tile:6,Malus,Map,Tile:14,Tile:6,Bonus,Tile:2,Map,Tile:8,Tile:10,Tile:3,Tile:7,Map,Destroy,Map,Tile:8,Tile:8,Tile:0,Map,Tile:5,Tile:5,Malus,Tile:6,Tile:9,Tile:6,Bonus-Tile:0,Tile:4,Tile:10,Tile:1,Tile:9,Tile:7,Tile:9-Tile:5,Tile:5,Tile:8,Tile:10,Tile:8,Tile:12,Bonus-Tile:hidden2,Tile:nugget,Tile:hidden1
Tile:9 4 5 1
Tile:8 6 5 0
Drop 1 0 1
Tile:8 7 5 0
Tile:10 7 4 1
Tile:5_flip 5 6 0
Tile:1 8 5 1
Tile:5_flip 9 5 0
Tile:9 6 6 1
Tile:10 9 4 0
Tile:7_flip 4 6 1
Tile:9 9 3 0
Tile:7 6 4 1
Tile:0 10 3 0
Tile:0 11 3 1
Map 12 5 0
Tile:15 7 3 1
Tile:6 7 6 0
Drop 5 0 1
Tile:6_flip 8 6 0
Tile:7_flip 8 7 1
Tile:6_flip 9 6 0
Tile:7 7 2 1
Tile:2_flip 6 2 0
Tile:11_flip 9 7 1
Tile:8 10 6 0
Tile:14 9 8 1
Destroy 6 6 0
Tile:9 5 4 1
Destroy 9 3 0
Tile:10 10 5 1
Map 12 7 0
Tile:8 11 6 1
Tile:8 12 6 0
GAMEOVER WINNER 0
# Game ended: Mon Apr 06 22:15:51 EDT 2020
