# Server version 0.08 running on GBowen:8123
# Game ID: 74
# Board class: Saboteur.SaboteurBoard
# Timeout: 2000
# First Move Timeout: 30000
# Date: Tue Apr 07 19:24:44 EDT 2020
# Player 1: Player-0, '260787692', running on GBowen
# Player 2: Player-1, 'RandomPlayer', running on GBowen
START Player-0 260787692
START Player-1 RandomPlayer
BoardInit:Tile:9,Tile:6,Destroy,Tile:6,Tile:15,Bonus,Tile:7,Map,Tile:8,Map,Tile:0,Tile:14,Map,Tile:10,Bonus,Tile:0,Tile:9,Tile:5,Tile:12,Tile:3,Tile:5,Malus,Tile:10,Tile:6,Tile:8,Bonus,Map,Tile:0,Tile:7,Tile:7,Tile:4,Tile:6,Destroy,Tile:9,Map,Tile:8,Malus,Map,Tile:10,Tile:7,Tile:5-Tile:13,Tile:8,Tile:9,Destroy,Tile:0,Tile:1,Tile:7-Tile:11,Tile:9,Tile:6,Tile:8,Tile:5,Tile:2,Bonus-Tile:hidden1,Tile:hidden2,Tile:nugget
Tile:13 5 6 1
Tile:6 6 5 0
Tile:0 6 6 1
Tile:8 7 5 0
Tile:7_flip 4 6 1
Tile:6 8 5 0
Tile:9_flip 9 5 1
Tile:9 9 4 0
Tile:9 4 5 1
Map 12 5 0
Tile:8 9 6 1
Map 12 5 0
Drop 6 0 1
Tile:5 9 3 0
Destroy 4 6 1
Tile:6 10 3 0
Tile:8 11 3 1
Tile:10 12 4 0
Tile:9 4 4 1
Tile:5_flip 11 4 0
Drop 6 0 1
Tile:2_flip 5 7 0
Tile:5_flip 12 6 1
Malus 0 0 0
Destroy 12 4 1
Tile:0 10 6 0
Drop 5 0 1
Tile:6_flip 11 6 0
Drop 4 0 1
Tile:14 11 7 0
Drop 4 0 1
Tile:7 13 5 0
Drop 6 0 1
Tile:3_flip 9 7 0
Destroy 6 5 1
Tile:0 6 7 0
Drop 2 0 1
Tile:6 7 6 0
Map 12 7 1
Tile:9 4 6 0
Drop 6 0 1
Tile:8 4 7 0
Drop 4 0 1
Tile:7 7 7 0
Drop 3 0 1
Tile:11_flip 8 4 0
Drop 4 0 1
Map 12 7 0
Drop 0 0 1
Drop 1 0 0
Drop 0 0 1
Drop 1 0 0
Drop 0 0 1
Drop 0 0 0
Malus 0 0 1
GAMEOVER DRAW
# Game ended: Tue Apr 07 19:24:44 EDT 2020
