# Server version 0.08 running on GBowen:8123
# Game ID: 85
# Board class: Saboteur.SaboteurBoard
# Timeout: 2000
# First Move Timeout: 30000
# Date: Tue Apr 07 19:28:12 EDT 2020
# Player 1: Player-0, '260787692', running on GBowen
# Player 2: Player-1, 'RandomPlayer', running on GBowen
START Player-0 260787692
START Player-1 RandomPlayer
BoardInit:Tile:9,Tile:7,Destroy,Tile:6,Tile:6,Tile:9,Map,Malus,Tile:7,Tile:5,Tile:11,Malus,Tile:14,Tile:13,Tile:8,Map,Bonus,Tile:9,Tile:1,Tile:8,Tile:8,Tile:10,Map,Tile:7,Bonus,Tile:7,Tile:6,Tile:0,Tile:9,Tile:15,Tile:0,Destroy,Bonus,Destroy,Map,Tile:8,Tile:10,Tile:6,Tile:12,Tile:3,Tile:5-Tile:6,Tile:0,Tile:2,Tile:5,Tile:8,Tile:0,Tile:4-Map,Tile:7,Tile:10,Map,Bonus,Tile:5,Tile:9-Tile:nugget,Tile:hidden2,Tile:hidden1
Tile:8 5 6 1
Map 12 5 0
Tile:2 4 6 1
Map 12 5 0
Tile:9_flip 5 4 1
Tile:5 5 3 0
Tile:6 4 7 1
Tile:6 6 3 0
Tile:5 4 4 1
Tile:7_flip 3 6 0
Tile:7_flip 4 5 1
Drop 5 0 0
Tile:11_flip 3 5 1
Tile:5_flip 6 6 0
Destroy 3 6 1
Tile:9 6 2 0
Map 12 3 1
Map 12 5 0
Tile:6_flip 2 5 1
Tile:9_flip 5 7 0
Tile:8 6 5 1
Tile:8 7 3 0
Tile:4 6 4 1
Tile:10 2 6 0
Map 12 5 1
Drop 2 0 0
Tile:8 3 7 1
Tile:7 3 4 0
Tile:0 1 5 1
Tile:0 8 3 0
Tile:1 2 4 1
Tile:7_flip 7 4 0
Tile:14 3 8 1
Destroy 2 6 0
Tile:9 2 6 1
Destroy 2 6 0
Drop 3 0 1
Tile:8 9 3 0
Tile:0 7 5 1
Tile:6 10 3 0
Tile:10 6 1 1
Tile:10 10 2 0
Map 12 3 1
Tile:3 8 4 0
Drop 2 0 1
Tile:13 7 2 0
Tile:5_flip 8 5 1
Tile:7 6 0 0
Tile:12 11 3 1
Tile:9 9 4 0
Drop 0 0 1
Tile:15 9 2 0
Drop 1 0 1
Drop 0 0 0
Drop 0 0 1
GAMEOVER DRAW
# Game ended: Tue Apr 07 19:28:12 EDT 2020
