# Server version 0.08 running on GBowen:8123
# Game ID: 75
# Board class: Saboteur.SaboteurBoard
# Timeout: 2000
# First Move Timeout: 30000
# Date: Tue Apr 07 19:24:59 EDT 2020
# Player 1: Player-0, '260787692', running on GBowen
# Player 2: Player-1, 'RandomPlayer', running on GBowen
START Player-0 260787692
START Player-1 RandomPlayer
BoardInit:Tile:6,Tile:5,Map,Tile:0,Tile:6,Destroy,Tile:12,Tile:1,Tile:15,Tile:0,Tile:9,Tile:10,Tile:8,Tile:10,Tile:11,Tile:2,Bonus,Bonus,Tile:7,Tile:6,Map,Tile:7,Tile:13,Tile:7,Tile:4,Tile:8,Tile:3,Tile:8,Malus,Destroy,Map,Bonus,Tile:9,Tile:6,Tile:14,Tile:7,Tile:9,Tile:0,Tile:5,Map,Tile:9-Tile:5,Tile:8,Map,Tile:6,Malus,Tile:8,Tile:9-Bonus,Tile:0,Tile:7,Map,Destroy,Tile:10,Tile:5-Tile:nugget,Tile:hidden1,Tile:hidden2
Map 12 7 1
Map 12 5 0
Tile:8 4 5 1
Tile:0 6 5 0
Tile:9 5 6 1
Tile:5_flip 7 5 0
Tile:6 5 7 1
Tile:10 7 4 0
Tile:5_flip 6 7 1
Tile:5 7 3 0
Tile:6_flip 3 5 1
Tile:0 8 3 0
Tile:8 4 7 1
Tile:0 9 3 0
Map 12 5 1
Destroy 7 4 0
Tile:9 7 4 1
Destroy 5 6 0
Tile:11 5 4 1
Tile:10 4 8 0
Tile:7 5 3 1
Tile:6 10 3 0
Tile:6_flip 8 4 1
Tile:2_flip 3 7 0
Tile:8 2 5 1
Tile:7_flip 1 5 0
Tile:13 10 2 1
Tile:8 11 3 0
GAMEOVER WINNER 0
# Game ended: Tue Apr 07 19:24:59 EDT 2020
