# Server version 0.08 running on GBowen:8123
# Game ID: 44
# Board class: Saboteur.SaboteurBoard
# Timeout: 2000
# First Move Timeout: 30000
# Date: Tue Apr 07 17:14:21 EDT 2020
# Player 1: Player-0, '260787692', running on GBowen
# Player 2: Player-1, 'RandomPlayer', running on GBowen
START Player-0 260787692
START Player-1 RandomPlayer
BoardInit:Tile:8,Tile:13,Tile:6,Tile:6,Tile:9,Malus,Tile:7,Tile:9,Tile:8,Map,Tile:0,Tile:11,Tile:0,Tile:4,Tile:2,Tile:10,Destroy,Tile:8,Destroy,Tile:5,Bonus,Map,Tile:9,Tile:14,Tile:9,Map,Tile:5,Tile:6,Tile:10,Tile:0,Tile:8,Tile:12,Map,Destroy,Bonus,Bonus,Tile:7,Tile:7,Tile:6,Tile:6,Tile:3-Malus,Tile:7,Tile:15,Tile:0,Tile:8,Bonus,Tile:5-Tile:5,Map,Map,Tile:10,Tile:1,Tile:9,Tile:7-Tile:nugget,Tile:hidden2,Tile:hidden1
Tile:7_flip 4 5 1
Map 12 5 0
Drop 1 0 1
Map 12 5 0
Tile:5 5 4 1
Tile:5_flip 6 4 0
Tile:9_flip 4 4 1
Tile:9 6 3 0
Tile:6_flip 3 4 1
Tile:6 7 3 0
Malus 0 0 1
Drop 3 0 0
Drop 2 0 1
Drop 3 0 0
Tile:7_flip 2 4 1
Drop 3 0 0
Tile:0 6 5 1
Drop 3 0 0
Tile:2 4 3 1
Drop 3 0 0
Tile:0 3 3 1
Drop 3 0 0
Drop 1 0 1
Drop 3 0 0
Destroy 3 4 1
Drop 3 0 0
Tile:8 2 3 1
Drop 3 0 0
Tile:9_flip 2 2 1
Drop 3 0 0
Tile:10 7 2 1
Drop 3 0 0
Drop 6 0 1
Drop 3 0 0
Tile:5 1 2 1
Drop 3 0 0
Tile:9 5 6 1
Bonus 0 0 0
Destroy 4 5 1
Tile:0 8 3 0
Tile:6_flip 2 1 1
Tile:6 9 3 0
Tile:0 3 1 1
Tile:12 6 6 0
Tile:7 6 2 1
Tile:7_flip 1 1 0
Tile:8 5 7 1
Destroy 6 5 0
Map 12 7 1
Tile:7 6 7 0
Tile:3_flip 4 5 1
Tile:1 3 4 0
Drop 1 0 1
Tile:10 9 2 0
Drop 0 0 1
GAMEOVER DRAW
# Game ended: Tue Apr 07 17:14:22 EDT 2020
