# Server version 0.08 running on GBowen:8123
# Game ID: 42
# Board class: Saboteur.SaboteurBoard
# Timeout: 2000
# First Move Timeout: 30000
# Date: Mon Apr 06 22:56:50 EDT 2020
# Player 1: Player-0, '260787692', running on GBowen
# Player 2: Player-1, 'RandomPlayer', running on GBowen
START Player-0 260787692
START Player-1 RandomPlayer
BoardInit:Tile:0,Tile:0,Destroy,Tile:9,Destroy,Tile:1,Tile:0,Map,Map,Tile:15,Bonus,Tile:9,Tile:10,Tile:5,Destroy,Tile:6,Tile:7,Tile:10,Malus,Map,Tile:6,Tile:9,Bonus,Bonus,Tile:14,Tile:10,Tile:2,Tile:8,Map,Tile:7,Bonus,Tile:7,Tile:5,Tile:0,Tile:8,Tile:6,Tile:6,Malus,Tile:3,Tile:11,Tile:9-Tile:12,Tile:13,Map,Map,Tile:8,Tile:9,Tile:8-Tile:8,Tile:4,Tile:6,Tile:5,Tile:5,Tile:7,Tile:7-Tile:hidden2,Tile:nugget,Tile:hidden1
Tile:9_flip 5 4 1
Tile:8 6 5 0
Map 12 5 1
Tile:6 7 5 0
Drop 2 0 1
Tile:0 8 5 0
Tile:8 5 6 1
Tile:9_flip 6 6 0
Tile:0 4 5 1
Map 12 5 0
Destroy 8 5 1
Tile:7 5 3 0
Tile:8 8 5 1
Tile:15 7 4 0
Tile:10 6 4 1
Tile:4_flip 5 7 0
Tile:0 4 3 1
Tile:6 9 5 0
Tile:7 9 4 1
Tile:7_flip 6 7 0
Map 12 3 1
Drop 2 0 0
Tile:12_flip 4 4 1
Tile:5_flip 7 7 0
Destroy 6 4 1
Tile:5_flip 8 6 0
Tile:6 3 3 1
Tile:9 3 5 0
Tile:14_flip 7 3 1
Tile:10 3 6 0
Destroy 6 5 1
Tile:5 7 6 0
Map 12 3 1
Tile:8 10 5 0
Tile:5 4 6 1
Tile:0 11 5 0
GAMEOVER WINNER 0
# Game ended: Mon Apr 06 22:56:50 EDT 2020
