# Server version 0.08 running on GBowen:8123
# Game ID: 60
# Board class: Saboteur.SaboteurBoard
# Timeout: 2000
# First Move Timeout: 30000
# Date: Tue Apr 07 17:25:36 EDT 2020
# Player 1: Player-0, '260787692', running on GBowen
# Player 2: Player-1, 'RandomPlayer', running on GBowen
START Player-0 260787692
START Player-1 RandomPlayer
BoardInit:Tile:7,Tile:6,Tile:5,Bonus,Tile:0,Tile:3,Bonus,Tile:9,Tile:6,Destroy,Tile:14,Tile:6,Tile:10,Tile:0,Destroy,Tile:9,Map,Map,Tile:8,Tile:10,Map,Destroy,Malus,Tile:5,Tile:5,Tile:2,Map,Tile:8,Bonus,Bonus,Tile:7,Tile:10,Tile:11,Tile:9,Tile:7,Tile:8,Tile:0,Tile:6,Tile:9,Tile:12,Tile:15-Tile:8,Tile:1,Tile:7,Malus,Map,Tile:6,Tile:7-Tile:0,Tile:5,Map,Tile:9,Tile:8,Tile:4,Tile:13-Tile:hidden2,Tile:nugget,Tile:hidden1
Tile:7 5 4 1
Map 12 5 0
Map 12 5 1
Tile:0 6 5 0
Tile:7 7 5 1
Tile:9 7 6 0
Tile:0 8 6 1
Tile:5_flip 9 6 0
Drop 0 0 1
Tile:8 9 5 0
Tile:7_flip 5 6 1
Tile:13 7 7 0
Tile:6 7 8 1
Tile:3_flip 6 8 0
Tile:14 10 5 1
Tile:6_flip 9 4 0
Tile:1 8 4 1
Destroy 7 5 0
Malus 0 0 1
Bonus 0 0 0
Destroy 9 5 1
Tile:9 7 4 0
Tile:8 9 5 1
Destroy 6 5 0
Tile:5_flip 6 6 1
Tile:6 8 8 0
Tile:6 4 4 1
Tile:0 9 8 0
Map 12 3 1
Tile:9 4 3 0
Drop 0 0 1
Tile:10 7 3 0
Tile:10 4 2 1
Tile:5 7 2 0
Tile:7 8 7 1
Tile:8 4 1 0
Tile:7 6 5 1
Tile:9_flip 8 2 0
Tile:5 6 7 1
Tile:10 8 1 0
Drop 4 0 1
Tile:8 4 0 0
Tile:9 7 5 1
Tile:6 5 0 0
Tile:0 5 3 1
Tile:2_flip 3 1 0
Map 12 3 1
Tile:12 6 3 0
Drop 3 0 1
Tile:4 8 0 0
Drop 1 0 1
Map 12 5 0
Malus 0 0 1
Bonus 0 0 0
Drop 0 0 1
GAMEOVER DRAW
# Game ended: Tue Apr 07 17:25:36 EDT 2020
