# Server version 0.08 running on GBowen:8123
# Game ID: 25
# Board class: Saboteur.SaboteurBoard
# Timeout: 2000
# First Move Timeout: 30000
# Date: Mon Apr 06 22:22:59 EDT 2020
# Player 1: Player-0, '260787692', running on GBowen
# Player 2: Player-1, 'RandomPlayer', running on GBowen
START Player-0 260787692
START Player-1 RandomPlayer
BoardInit:Tile:14,Tile:0,Tile:9,Tile:6,Bonus,Tile:6,Map,Tile:0,Map,Bonus,Tile:9,Malus,Tile:7,Tile:9,Tile:8,Bonus,Bonus,Tile:10,Tile:9,Tile:7,Map,Tile:8,Tile:6,Tile:7,Map,Tile:10,Tile:13,Malus,Tile:2,Tile:8,Tile:1,Tile:9,Tile:7,Map,Tile:5,Tile:5,Destroy,Tile:5,Tile:3,Tile:12,Tile:15-Tile:8,Tile:10,Tile:8,Tile:4,Tile:11,Tile:5,Destroy-Tile:7,Tile:6,Tile:6,Tile:0,Destroy,Tile:0,Map-Tile:nugget,Tile:hidden2,Tile:hidden1
Tile:8 5 6 1
Map 12 5 0
Tile:5 5 4 1
Tile:6 6 4 0
Tile:11 5 7 1
Tile:6 7 4 0
Destroy 5 7 1
Tile:0 8 4 0
Tile:4 7 3 1
Tile:0 9 4 0
Drop 1 0 1
Tile:0 10 4 0
Tile:9 5 7 1
Tile:6 11 4 0
Tile:9_flip 11 3 1
Tile:6 12 4 0
GAMEOVER WINNER 0
# Game ended: Mon Apr 06 22:22:59 EDT 2020
