# Server version 0.08 running on GBowen:8123
# Game ID: 70
# Board class: Saboteur.SaboteurBoard
# Timeout: 2000
# First Move Timeout: 30000
# Date: Tue Apr 07 19:22:51 EDT 2020
# Player 1: Player-0, '260787692', running on GBowen
# Player 2: Player-1, 'RandomPlayer', running on GBowen
START Player-0 260787692
START Player-1 RandomPlayer
BoardInit:Malus,Map,Map,Destroy,Tile:3,Tile:13,Map,Tile:5,Tile:10,Tile:0,Tile:14,Tile:8,Tile:6,Tile:8,Tile:10,Tile:9,Tile:7,Tile:7,Tile:0,Bonus,Tile:9,Tile:6,Tile:10,Destroy,Tile:2,Tile:5,Tile:7,Bonus,Tile:15,Tile:0,Tile:6,Tile:8,Map,Tile:11,Malus,Tile:8,Tile:7,Tile:6,Tile:5,Destroy,Bonus-Tile:7,Tile:9,Map,Tile:8,Tile:6,Tile:12,Bonus-Map,Tile:4,Tile:0,Tile:1,Tile:9,Tile:9,Tile:5-Tile:nugget,Tile:hidden2,Tile:hidden1
Tile:6 4 5 1
Map 12 5 0
Tile:8 3 5 1
Map 12 5 0
Map 12 3 1
Tile:0 6 5 0
Tile:9 3 4 1
Tile:9_flip 7 5 0
Tile:7 4 4 1
Tile:9 7 4 0
Drop 1 0 1
Tile:5 7 3 0
Tile:3_flip 2 5 1
Tile:0 8 3 0
Tile:6_flip 9 3 1
Tile:8 10 3 0
Tile:14 10 4 1
Tile:8 11 3 0
GAMEOVER WINNER 0
# Game ended: Tue Apr 07 19:22:51 EDT 2020
