# Server version 0.08 running on GBowen:8123
# Game ID: 50
# Board class: Saboteur.SaboteurBoard
# Timeout: 2000
# First Move Timeout: 30000
# Date: Tue Apr 07 17:18:19 EDT 2020
# Player 1: Player-0, '260787692', running on GBowen
# Player 2: Player-1, '260787692', running on GBowen
START Player-0 260787692
START Player-1 260787692
BoardInit:Tile:8,Map,Map,Tile:9,Tile:8,Map,Tile:5,Tile:10,Tile:14,Bonus,Tile:7,Tile:1,Tile:2,Tile:7,Tile:0,Destroy,Map,Tile:9,Tile:9,Tile:9,Tile:8,Tile:10,Tile:6,Map,Tile:5,Tile:5,Bonus,Tile:0,Map,Destroy,Destroy,Tile:8,Tile:6,Malus,Tile:7,Tile:5,Tile:7,Tile:0,Tile:0,Bonus,Tile:10-Tile:15,Tile:7,Tile:3,Malus,Tile:9,Tile:8,Tile:11-Tile:6,Tile:13,Tile:6,Tile:6,Tile:4,Tile:12,Bonus-Tile:hidden2,Tile:nugget,Tile:hidden1
Tile:8 6 5 1
Tile:6 7 5 0
Tile:8 8 5 1
Map 12 5 0
Map 12 5 1
Tile:6 9 5 0
Malus 0 0 1
Bonus 0 0 0
Tile:5_flip 5 6 1
Map 12 3 0
Tile:8 4 5 1
Tile:4 8 4 0
Tile:11 4 6 1
Tile:6_flip 4 4 0
Tile:7 7 4 1
Tile:1 3 4 0
Drop 3 0 1
Tile:9_flip 5 4 0
Tile:3_flip 2 4 1
Tile:10 4 7 0
Tile:9 8 6 1
Drop 0 0 0
Tile:9_flip 8 7 1
Destroy 5 4 0
Tile:15 8 8 1
Tile:9 9 4 0
Tile:2 3 5 1
Drop 3 0 0
Tile:7 9 6 1
Map 12 7 0
Tile:6_flip 10 5 1
Tile:0 11 5 0
GAMEOVER WINNER 0
# Game ended: Tue Apr 07 17:18:19 EDT 2020
