# Server version 0.08 running on GBowen:8123
# Game ID: 45
# Board class: Saboteur.SaboteurBoard
# Timeout: 2000
# First Move Timeout: 30000
# Date: Tue Apr 07 17:14:54 EDT 2020
# Player 1: Player-0, '260787692', running on GBowen
# Player 2: Player-1, 'RandomPlayer', running on GBowen
START Player-0 260787692
START Player-1 RandomPlayer
BoardInit:Tile:5,Tile:13,Tile:9,Bonus,Tile:5,Bonus,Malus,Tile:6,Tile:6,Destroy,Tile:4,Tile:0,Tile:7,Destroy,Tile:8,Tile:5,Tile:0,Tile:9,Map,Map,Tile:9,Bonus,Map,Tile:7,Tile:14,Tile:8,Tile:12,Tile:9,Tile:3,Bonus,Map,Tile:7,Tile:2,Map,Tile:10,Tile:6,Tile:1,Destroy,Tile:8,Map,Tile:6-Tile:7,Tile:10,Tile:11,Tile:10,Tile:9,Tile:5,Malus-Tile:8,Tile:7,Tile:15,Tile:8,Tile:0,Tile:0,Tile:6-Tile:nugget,Tile:hidden1,Tile:hidden2
Tile:9_flip 6 5 1
Tile:8 6 4 0
Tile:7 7 4 1
Tile:7_flip 7 5 0
Tile:9 5 4 1
Tile:8 8 5 0
Drop 5 0 1
Tile:0 9 5 0
Tile:5_flip 10 5 1
Tile:6_flip 10 4 0
Tile:10 5 3 1
Tile:0 11 4 0
Tile:11 5 2 1
Tile:6_flip 12 4 0
Tile:5_flip 6 6 1
Tile:0 13 5 0
Tile:7 5 1 1
Tile:5_flip 13 4 0
Tile:10 6 3 1
Tile:9_flip 13 3 0
GAMEOVER WINNER 0
# Game ended: Tue Apr 07 17:14:54 EDT 2020
