# Server version 0.08 running on GBowen:8123
# Game ID: 48
# Board class: Saboteur.SaboteurBoard
# Timeout: 2000
# First Move Timeout: 30000
# Date: Tue Apr 07 17:15:47 EDT 2020
# Player 1: Player-0, '260787692', running on GBowen
# Player 2: Player-1, 'RandomPlayer', running on GBowen
START Player-0 260787692
START Player-1 RandomPlayer
BoardInit:Tile:11,Tile:8,Tile:6,Map,Malus,Tile:7,Map,Tile:6,Map,Tile:3,Tile:10,Tile:10,Tile:15,Tile:7,Tile:9,Tile:0,Tile:5,Tile:0,Tile:1,Tile:12,Tile:14,Tile:8,Tile:6,Tile:9,Tile:0,Tile:13,Bonus,Malus,Tile:5,Tile:8,Bonus,Tile:7,Tile:6,Destroy,Bonus,Tile:5,Tile:10,Bonus,Tile:8,Tile:9,Tile:9-Tile:0,Tile:7,Tile:2,Tile:5,Map,Tile:4,Map-Destroy,Tile:7,Tile:8,Map,Destroy,Tile:6,Tile:9-Tile:hidden2,Tile:hidden1,Tile:nugget
Tile:4_flip 5 6 1
Map 12 5 0
Tile:0 6 5 1
Tile:8 7 5 0
Map 12 3 1
Map 12 5 0
Tile:11_flip 7 4 1
Tile:6 8 5 0
Tile:5 8 4 1
Tile:9_flip 9 4 0
Tile:2_flip 9 5 1
Tile:8 9 3 0
Map 12 3 1
Tile:6 10 3 0
Tile:6_flip 5 4 1
Tile:3_flip 7 6 0
Tile:7 7 3 1
Tile:0 11 3 0
Tile:5_flip 10 5 1
Tile:10 12 4 0
Tile:9_flip 12 6 1
GAMEOVER WINNER 1
# Game ended: Tue Apr 07 17:15:47 EDT 2020
