# Server version 0.08 running on GBowen:8123
# Game ID: 38
# Board class: Saboteur.SaboteurBoard
# Timeout: 2000
# First Move Timeout: 30000
# Date: Mon Apr 06 22:56:05 EDT 2020
# Player 1: Player-0, '260787692', running on GBowen
# Player 2: Player-1, 'RandomPlayer', running on GBowen
START Player-0 260787692
START Player-1 RandomPlayer
BoardInit:Destroy,Tile:12,Tile:14,Tile:6,Tile:7,Tile:0,Bonus,Tile:5,Tile:9,Tile:7,Map,Tile:8,Destroy,Tile:6,Map,Tile:10,Tile:10,Bonus,Tile:15,Malus,Tile:7,Tile:6,Tile:6,Tile:8,Tile:5,Tile:1,Tile:8,Bonus,Map,Tile:4,Tile:5,Tile:7,Map,Tile:0,Tile:7,Tile:9,Tile:6,Tile:11,Tile:8,Tile:9,Map-Malus,Tile:2,Tile:9,Tile:13,Tile:0,Tile:5,Tile:9-Bonus,Tile:8,Tile:0,Map,Tile:10,Tile:3,Destroy-Tile:hidden2,Tile:hidden1,Tile:nugget
Tile:13 4 5 1
Map 12 5 0
Malus 0 0 1
Bonus 0 0 0
Tile:9_flip 5 4 1
Tile:8 5 3 0
Tile:9_flip 5 6 1
Tile:0 6 3 0
Drop 0 0 1
Tile:6 7 3 0
Tile:9_flip 8 3 1
Tile:5 8 2 0
Destroy 6 3 1
Tile:10 7 2 0
Tile:14_flip 5 2 1
Tile:0 6 5 0
Tile:7_flip 4 6 1
Tile:7 9 2 0
Map 12 5 1
Tile:8 7 5 0
Destroy 4 6 1
Tile:6 8 5 0
Tile:5_flip 6 2 1
Tile:10 9 3 0
Tile:10 5 7 1
Tile:6 9 5 0
Map 12 3 1
Tile:8 9 4 0
Tile:6_flip 6 3 1
Destroy 5 7 0
Tile:0 3 5 1
Tile:3_flip 5 7 0
Tile:7_flip 6 4 1
Tile:7 7 4 0
Tile:8 10 5 1
Tile:0 4 3 0
Tile:5 4 4 1
Tile:9 6 1 0
Tile:6 4 6 1
Tile:4_flip 7 6 0
Drop 6 0 1
Tile:11 8 4 0
Tile:7 6 7 1
Tile:9_flip 10 4 0
Drop 2 0 1
Drop 3 0 0
Tile:5_flip 10 6 1
Tile:12_flip 3 6 0
Tile:15 10 3 1
Drop 1 0 0
Map 12 3 1
Drop 1 0 0
Map 12 3 1
Drop 0 0 0
Drop 0 0 1
GAMEOVER DRAW
# Game ended: Mon Apr 06 22:56:05 EDT 2020
