# Server version 0.08 running on GBowen:8123
# Game ID: 88
# Board class: Saboteur.SaboteurBoard
# Timeout: 2000
# First Move Timeout: 30000
# Date: Wed Apr 08 14:13:47 EDT 2020
# Player 1: Player-0, '260787692', running on GBowen
# Player 2: Player-1, 'RandomPlayer', running on GBowen
START Player-0 260787692
START Player-1 RandomPlayer
BoardInit:Map,Tile:12,Tile:8,Tile:4,Bonus,Tile:7,Tile:8,Destroy,Tile:10,Tile:11,Tile:8,Tile:8,Tile:5,Tile:9,Tile:7,Map,Tile:7,Tile:14,Destroy,Tile:2,Tile:0,Tile:3,Tile:9,Bonus,Tile:6,Tile:1,Map,Malus,Map,Map,Tile:0,Tile:9,Tile:10,Tile:10,Tile:6,Tile:5,Tile:9,Tile:0,Destroy,Malus,Tile:7-Map,Tile:6,Tile:6,Bonus,Tile:9,Tile:0,Tile:6-Tile:5,Tile:7,Tile:5,Tile:8,Bonus,Tile:13,Tile:15-Tile:nugget,Tile:hidden1,Tile:hidden2
Tile:9 5 6 1
Tile:8 6 5 0
Drop 1 0 1
Tile:15 5 4 0
Tile:8 7 5 1
Tile:5_flip 7 6 0
Map 12 5 1
Tile:7 7 4 0
Drop 2 0 1
Tile:13 6 6 0
Tile:6 8 5 1
Tile:7_flip 5 7 0
Tile:10 8 4 1
Tile:8 9 5 0
Tile:8 6 7 1
Tile:5_flip 10 5 0
Tile:6_flip 4 5 1
Map 12 5 0
Tile:7 7 7 1
Tile:9 10 4 0
Destroy 4 5 1
Tile:14 6 8 0
Tile:8 10 3 1
Tile:12_flip 5 8 0
Tile:9 7 8 1
Tile:11 9 6 0
Tile:5 10 2 1
Tile:3 11 2 0
Tile:7 5 3 1
Destroy 8 4 0
Map 12 3 1
Map 12 5 0
Tile:0 10 6 1
Tile:2 4 5 0
Tile:6 11 6 1
Tile:1 11 4 0
Drop 6 0 1
Tile:9_flip 12 4 0
Tile:9 7 9 1
Tile:5_flip 4 6 0
Destroy 7 5 1
Tile:10 8 4 0
Tile:10 9 4 1
Tile:0 8 8 0
Drop 4 0 1
Drop 1 0 0
Drop 1 0 1
Drop 2 0 0
Map 12 3 1
Drop 1 0 0
Map 12 3 1
Drop 0 0 0
Drop 1 0 1
Drop 0 0 0
Drop 0 0 1
GAMEOVER DRAW
# Game ended: Wed Apr 08 14:13:47 EDT 2020
