# Server version 0.08 running on GBowen:8123
# Game ID: 26
# Board class: Saboteur.SaboteurBoard
# Timeout: 2000
# First Move Timeout: 30000
# Date: Mon Apr 06 22:53:03 EDT 2020
# Player 1: Player-0, '260787692', running on GBowen
# Player 2: Player-1, 'RandomPlayer', running on GBowen
START Player-0 260787692
START Player-1 RandomPlayer
BoardInit:Tile:0,Destroy,Tile:1,Tile:3,Tile:7,Tile:9,Map,Tile:7,Tile:15,Map,Tile:12,Tile:8,Tile:10,Tile:6,Tile:7,Bonus,Tile:11,Bonus,Malus,Bonus,Tile:4,Tile:8,Tile:5,Map,Tile:0,Tile:2,Tile:7,Destroy,Tile:9,Tile:10,Tile:13,Tile:8,Malus,Tile:6,Tile:5,Tile:7,Tile:9,Tile:10,Tile:8,Tile:5,Tile:8-Tile:6,Map,Tile:6,Tile:6,Tile:9,Tile:14,Tile:0-Map,Map,Tile:0,Bonus,Tile:5,Tile:9,Destroy-Tile:hidden2,Tile:nugget,Tile:hidden1
Tile:6_flip 4 5 1
Map 12 5 0
Tile:14_flip 5 4 1
Tile:0 6 5 0
Tile:1 6 4 1
Tile:9 5 6 0
Drop 2 0 1
Tile:9_flip 5 7 0
Tile:6_flip 7 4 1
Tile:7 8 4 0
Drop 0 0 1
Drop 5 0 0
Drop 0 0 1
Tile:8 7 5 0
Tile:0 3 5 1
Tile:6 8 5 0
Tile:10 5 8 1
Tile:5_flip 7 6 0
Tile:12 9 5 1
Destroy 4 5 0
Tile:15 5 9 1
Destroy 5 8 0
Tile:0 2 5 1
Map 12 3 0
Tile:5_flip 5 10 1
Map 12 3 0
Map 12 5 1
Tile:2 1 5 0
Tile:7_flip 0 5 1
Map 12 7 0
Tile:4 0 4 1
Destroy 2 5 0
Tile:13 1 6 1
Tile:10 1 7 0
Tile:7_flip 1 8 1
Tile:6_flip 6 6 0
Tile:0 2 5 1
Tile:7_flip 6 7 0
Tile:5_flip 2 8 1
Tile:8 4 10 0
Tile:9 5 8 1
Tile:8 4 7 0
Drop 0 0 1
Tile:10 4 9 0
Tile:9_flip 4 6 1
Drop 1 0 0
Tile:7 7 7 1
Drop 0 0 0
Tile:8 7 8 1
Tile:5_flip 8 8 0
Tile:8 3 10 1
Drop 1 0 0
Drop 0 0 1
Drop 0 0 0
Malus 0 0 1
GAMEOVER DRAW
# Game ended: Mon Apr 06 22:53:03 EDT 2020
