# Server version 0.08 running on GBowen:8123
# Game ID: 61
# Board class: Saboteur.SaboteurBoard
# Timeout: 2000
# First Move Timeout: 30000
# Date: Tue Apr 07 17:27:20 EDT 2020
# Player 1: Player-0, '260787692', running on GBowen
# Player 2: Player-1, 'RandomPlayer', running on GBowen
START Player-0 260787692
START Player-1 RandomPlayer
BoardInit:Tile:6,Malus,Tile:0,Tile:6,Map,Tile:1,Malus,Map,Tile:10,Destroy,Tile:7,Tile:10,Bonus,Tile:0,Tile:4,Tile:2,Tile:9,Tile:10,Tile:15,Tile:9,Tile:8,Map,Bonus,Map,Tile:5,Tile:6,Tile:12,Tile:5,Tile:7,Tile:0,Tile:8,Tile:7,Tile:8,Tile:5,Tile:5,Bonus,Tile:6,Tile:11,Tile:9,Tile:8,Tile:7-Tile:8,Map,Destroy,Tile:0,Destroy,Tile:6,Tile:13-Tile:3,Bonus,Tile:7,Tile:9,Map,Tile:9,Tile:14-Tile:nugget,Tile:hidden2,Tile:hidden1
Tile:8 6 5 1
Map 12 5 0
Tile:13 6 4 1
Tile:9 6 3 0
Tile:6 7 3 1
Tile:7 8 3 0
Tile:6 5 6 1
Tile:9 6 2 0
Destroy 6 5 1
Map 12 5 0
Tile:0 4 5 1
Tile:6 6 5 0
Drop 0 0 1
Tile:10 8 4 0
Drop 2 0 1
Tile:0 7 5 0
Destroy 4 5 1
Tile:3 7 2 0
Tile:9 4 5 1
Tile:2_flip 8 5 0
Tile:7 4 4 1
Tile:9 6 1 0
Tile:8 4 6 1
Map 12 5 0
Tile:0 6 6 1
Map 12 5 0
Tile:5_flip 9 5 1
Tile:10 9 4 0
Tile:4 9 3 1
Tile:6 7 1 0
Drop 2 0 1
Tile:5 7 0 0
Tile:7 6 0 1
Tile:0 7 6 0
Drop 4 0 1
Tile:7 8 0 0
Tile:8 5 0 1
Destroy 9 4 0
Tile:5_flip 5 1 1
Tile:14_flip 3 4 0
Tile:6 4 7 1
Tile:8 8 1 0
Tile:10 3 5 1
Tile:5_flip 9 1 0
Drop 4 0 1
Tile:1 3 7 0
Tile:7_flip 3 6 1
Tile:11 9 0 0
Drop 0 0 1
Drop 1 0 0
Tile:15 9 4 1
Drop 1 0 0
Tile:8 10 0 1
Drop 0 0 0
Drop 0 0 1
GAMEOVER DRAW
# Game ended: Tue Apr 07 17:27:20 EDT 2020
