# Server version 0.08 running on GBowen:8123
# Game ID: 79
# Board class: Saboteur.SaboteurBoard
# Timeout: 2000
# First Move Timeout: 30000
# Date: Tue Apr 07 19:25:47 EDT 2020
# Player 1: Player-0, '260787692', running on GBowen
# Player 2: Player-1, 'RandomPlayer', running on GBowen
START Player-0 260787692
START Player-1 RandomPlayer
BoardInit:Bonus,Tile:5,Tile:6,Tile:2,Tile:10,Tile:7,Tile:5,Bonus,Tile:7,Map,Tile:8,Tile:9,Tile:7,Tile:6,Tile:9,Tile:12,Tile:11,Tile:9,Destroy,Tile:7,Tile:8,Tile:10,Map,Bonus,Tile:7,Tile:5,Tile:9,Tile:5,Tile:0,Tile:0,Malus,Tile:6,Map,Tile:13,Tile:0,Tile:15,Map,Map,Tile:8,Tile:8,Map-Tile:14,Tile:6,Destroy,Destroy,Bonus,Tile:1,Tile:3-Malus,Tile:6,Tile:10,Tile:0,Tile:8,Tile:4,Tile:9-Tile:hidden2,Tile:nugget,Tile:hidden1
Tile:1 4 5 1
Tile:6 6 5 0
Drop 1 0 1
Tile:0 7 5 0
Destroy 4 5 1
Tile:8 8 5 0
Drop 4 0 1
Tile:9_flip 6 4 0
Tile:6 9 5 1
Tile:2 9 4 0
Tile:10 8 6 1
Map 12 5 0
Tile:3_flip 4 5 1
Malus 0 0 0
Drop 4 0 1
Tile:6 10 5 0
Bonus 0 0 1
Tile:7 11 5 0
Tile:8 8 4 1
Tile:9_flip 5 6 0
Tile:11_flip 11 6 1
Tile:9 11 7 0
Destroy 8 4 1
Tile:10 4 4 0
Drop 4 0 1
Tile:5 6 3 0
Tile:9 4 3 1
Tile:5_flip 5 3 0
Tile:9_flip 11 8 1
Tile:10 11 9 0
Tile:5 4 6 1
Tile:0 10 6 0
Tile:0 7 3 1
Tile:6_flip 10 4 0
Tile:7 4 2 1
Drop 3 0 0
Tile:8 8 7 1
Tile:4 5 2 0
Tile:0 11 4 1
Tile:5 3 2 0
Tile:8 12 4 1
GAMEOVER WINNER 1
# Game ended: Tue Apr 07 19:25:47 EDT 2020
