# Server version 0.08 running on GBowen:8123
# Game ID: 46
# Board class: Saboteur.SaboteurBoard
# Timeout: 2000
# First Move Timeout: 30000
# Date: Tue Apr 07 17:15:18 EDT 2020
# Player 1: Player-0, '260787692', running on GBowen
# Player 2: Player-1, 'RandomPlayer', running on GBowen
START Player-0 260787692
START Player-1 RandomPlayer
BoardInit:Tile:3,Tile:7,Tile:0,Map,Destroy,Tile:14,Tile:9,Map,Tile:6,Tile:5,Tile:15,Tile:0,Tile:13,Tile:7,Tile:8,Tile:5,Map,Map,Tile:4,Tile:6,Tile:8,Tile:5,Tile:6,Malus,Tile:8,Map,Destroy,Tile:8,Tile:10,Destroy,Bonus,Tile:6,Tile:0,Tile:0,Tile:9,Tile:7,Tile:1,Tile:11,Bonus,Tile:6,Tile:2-Bonus,Tile:9,Malus,Tile:8,Tile:7,Map,Tile:10-Tile:7,Tile:12,Tile:10,Tile:5,Tile:9,Bonus,Tile:9-Tile:nugget,Tile:hidden1,Tile:hidden2
Tile:8 5 4 1
Tile:7_flip 5 6 0
Tile:10 5 3 1
Tile:7 6 5 0
Tile:9 4 5 1
Map 12 5 0
Tile:7 5 2 1
Tile:5_flip 6 4 0
Tile:9_flip 6 6 1
Map 12 5 0
Drop 4 0 1
Tile:9 6 3 0
Destroy 4 5 1
Tile:0 7 3 0
Tile:6 8 3 1
Tile:7_flip 4 4 0
Malus 0 0 1
Bonus 0 0 0
Map 12 7 1
Map 12 5 0
Tile:15 4 3 1
Tile:6 9 3 0
Tile:8 4 2 1
Tile:5 4 5 0
Tile:13 8 2 1
Tile:5_flip 4 6 0
Tile:4 8 1 1
Map 12 5 0
Destroy 4 4 1
Tile:8 10 3 0
Tile:3 4 1 1
Tile:5_flip 11 3 0
Tile:6_flip 9 2 1
Tile:9 11 2 0
Tile:0 3 1 1
Tile:6_flip 12 2 0
GAMEOVER WINNER 0
# Game ended: Tue Apr 07 17:15:19 EDT 2020
