# Server version 0.08 running on GBowen:8123
# Game ID: 53
# Board class: Saboteur.SaboteurBoard
# Timeout: 2000
# First Move Timeout: 30000
# Date: Tue Apr 07 17:20:01 EDT 2020
# Player 1: Player-0, '260787692', running on GBowen
# Player 2: Player-1, 'RandomPlayer', running on GBowen
START Player-0 260787692
START Player-1 RandomPlayer
BoardInit:Tile:13,Tile:10,Bonus,Tile:6,Tile:0,Tile:5,Tile:4,Tile:1,Tile:0,Tile:8,Map,Tile:10,Tile:6,Malus,Tile:7,Tile:6,Map,Tile:8,Map,Bonus,Tile:8,Tile:7,Tile:7,Tile:6,Tile:0,Tile:11,Tile:6,Tile:9,Tile:8,Tile:3,Map,Tile:5,Tile:7,Tile:12,Tile:10,Destroy,Tile:8,Map,Destroy,Tile:14,Tile:2-Tile:9,Destroy,Tile:5,Tile:9,Malus,Tile:7,Map-Tile:5,Tile:9,Bonus,Tile:15,Tile:0,Bonus,Tile:9-Tile:nugget,Tile:hidden2,Tile:hidden1
Tile:7_flip 4 5 1
Tile:0 6 5 0
Tile:9 5 6 1
Tile:9_flip 7 5 0
Tile:13 5 7 1
Tile:5 7 4 0
Tile:9_flip 6 7 1
Tile:9_flip 8 4 0
Destroy 5 6 1
Tile:5_flip 6 8 0
Tile:5 6 6 1
Tile:15 5 6 0
Drop 0 0 1
Tile:6_flip 4 4 0
Tile:4 8 3 1
Tile:8 4 7 0
Tile:7_flip 8 5 1
Tile:6 9 5 0
Drop 3 0 1
Tile:8 10 5 0
Tile:6_flip 3 7 1
Tile:10 10 4 0
Map 12 3 1
Tile:7_flip 3 4 0
Map 12 7 1
Tile:6 11 5 0
Tile:8 10 3 1
Tile:10 12 4 0
GAMEOVER WINNER 0
# Game ended: Tue Apr 07 17:20:02 EDT 2020
