# Server version 0.08 running on GBowen:8123
# Game ID: 64
# Board class: Saboteur.SaboteurBoard
# Timeout: 2000
# First Move Timeout: 30000
# Date: Tue Apr 07 17:28:32 EDT 2020
# Player 1: Player-0, '260787692', running on GBowen
# Player 2: Player-1, 'RandomPlayer', running on GBowen
START Player-0 260787692
START Player-1 RandomPlayer
BoardInit:Destroy,Tile:5,Tile:0,Tile:8,Tile:0,Tile:7,Tile:5,Bonus,Tile:11,Map,Bonus,Tile:10,Destroy,Tile:10,Tile:2,Destroy,Tile:6,Tile:5,Tile:12,Tile:0,Tile:9,Bonus,Tile:7,Tile:8,Tile:3,Map,Tile:9,Tile:0,Tile:7,Malus,Bonus,Tile:1,Tile:9,Tile:7,Tile:15,Map,Tile:9,Tile:6,Tile:14,Tile:13,Map-Tile:9,Tile:8,Tile:6,Tile:6,Tile:7,Tile:6,Tile:8-Tile:4,Tile:8,Map,Map,Malus,Tile:10,Tile:5-Tile:nugget,Tile:hidden1,Tile:hidden2
Drop 5 0 1
Map 12 5 0
Tile:6 5 6 1
Map 12 5 0
Tile:6 6 5 1
Tile:8 6 4 0
Drop 2 0 1
Tile:5 6 3 0
Tile:5 4 5 1
Tile:8 7 3 0
Tile:9_flip 8 3 1
Map 12 5 0
Tile:8 7 4 1
Tile:5 8 2 0
Destroy 6 5 1
Tile:10 7 2 0
Destroy 6 3 1
Tile:7 9 2 0
Drop 0 0 1
Tile:10 9 3 0
Tile:0 6 6 1
Tile:10 9 4 0
Tile:6 6 5 1
Tile:5 5 4 0
Tile:7 7 1 1
Tile:8 9 5 0
Tile:3_flip 6 1 1
Map 12 5 0
Tile:9 4 6 1
Tile:0 10 5 0
Drop 1 0 1
Tile:0 11 5 0
Tile:9_flip 12 6 1
Drop 5 0 0
Tile:7 6 0 1
Destroy 7 4 0
Tile:9 6 3 1
Tile:7 6 2 0
Tile:2_flip 7 6 1
Tile:6 7 4 0
Drop 0 0 1
Tile:4 12 4 0
Tile:15 9 6 1
Drop 1 0 0
Tile:9_flip 8 4 1
Tile:1 13 5 0
Tile:12_flip 11 7 1
Tile:13 5 2 0
Tile:14 4 7 1
Drop 0 0 0
Drop 0 0 1
Drop 0 0 0
Map 12 3 1
Map 12 3 0
Drop 0 0 1
GAMEOVER DRAW
# Game ended: Tue Apr 07 17:28:33 EDT 2020
