# Server version 0.08 running on GBowen:8123
# Game ID: 84
# Board class: Saboteur.SaboteurBoard
# Timeout: 2000
# First Move Timeout: 30000
# Date: Tue Apr 07 19:28:03 EDT 2020
# Player 1: Player-0, '260787692', running on GBowen
# Player 2: Player-1, 'RandomPlayer', running on GBowen
START Player-0 260787692
START Player-1 RandomPlayer
BoardInit:Tile:10,Tile:7,Tile:6,Bonus,Tile:11,Tile:4,Tile:9,Tile:6,Bonus,Tile:15,Tile:14,Malus,Tile:5,Tile:6,Tile:9,Tile:10,Destroy,Tile:9,Tile:5,Destroy,Destroy,Map,Map,Tile:8,Tile:5,Tile:7,Tile:8,Tile:8,Map,Tile:12,Bonus,Tile:13,Tile:2,Tile:8,Tile:0,Malus,Tile:0,Tile:6,Tile:9,Map,Tile:8-Tile:6,Tile:7,Map,Tile:10,Tile:5,Map,Tile:0-Tile:0,Tile:3,Tile:1,Tile:7,Bonus,Tile:7,Tile:9-Tile:hidden2,Tile:nugget,Tile:hidden1
Map 12 5 1
Tile:0 6 5 0
Tile:6 5 6 1
Tile:3_flip 4 5 0
Tile:6_flip 7 5 1
Tile:7 8 5 0
Tile:0 4 6 1
Tile:7_flip 8 6 0
Tile:10 4 4 1
Tile:9_flip 9 6 0
Tile:10 9 7 1
Tile:4 5 4 0
Tile:14_flip 4 3 1
Tile:1 3 6 0
Tile:9 9 5 1
Tile:6 10 5 0
Tile:5 2 6 1
Tile:6 11 5 0
GAMEOVER WINNER 0
# Game ended: Tue Apr 07 19:28:03 EDT 2020
