# Server version 0.08 running on GBowen:8123
# Game ID: 68
# Board class: Saboteur.SaboteurBoard
# Timeout: 2000
# First Move Timeout: 30000
# Date: Tue Apr 07 19:22:16 EDT 2020
# Player 1: Player-0, '260787692', running on GBowen
# Player 2: Player-1, 'RandomPlayer', running on GBowen
START Player-0 260787692
START Player-1 RandomPlayer
BoardInit:Tile:6,Map,Map,Tile:5,Destroy,Tile:1,Tile:10,Tile:5,Tile:8,Tile:7,Bonus,Tile:8,Map,Tile:10,Tile:8,Destroy,Tile:9,Tile:13,Tile:9,Tile:5,Tile:0,Tile:7,Tile:6,Tile:14,Bonus,Tile:9,Destroy,Bonus,Tile:7,Tile:7,Tile:15,Map,Tile:12,Bonus,Tile:4,Malus,Tile:6,Tile:0,Tile:9,Tile:0,Tile:3-Tile:2,Map,Malus,Tile:11,Map,Tile:7,Tile:10-Tile:8,Tile:6,Tile:5,Tile:9,Tile:8,Tile:0,Tile:6-Tile:hidden1,Tile:nugget,Tile:hidden2
Tile:7 5 4 1
Tile:8 6 5 0
Tile:2 4 5 1
Map 12 5 0
Drop 1 0 1
Tile:6 7 5 0
Tile:11_flip 7 4 1
Tile:8 8 5 0
Tile:6_flip 3 5 1
Tile:0 9 5 0
Destroy 9 5 1
Tile:6 9 5 0
Tile:10 3 6 1
Tile:8 7 3 0
Drop 2 0 1
Tile:9 2 5 0
Drop 5 0 1
Tile:5_flip 10 5 0
Tile:10 8 4 1
Tile:5 10 4 0
Tile:8 2 4 1
Tile:5_flip 8 6 0
Tile:8 6 6 1
Tile:10 6 7 0
Tile:0 4 4 1
Destroy 3 5 0
Tile:9 7 2 1
Tile:9 6 4 0
Tile:9 1 4 1
Tile:13 5 6 0
Map 12 3 1
Tile:7_flip 6 8 0
Destroy 7 4 1
Tile:5_flip 11 4 0
Tile:6_flip 3 5 1
Tile:7 7 1 0
Tile:15 5 7 1
Tile:14_flip 11 3 0
Tile:6_flip 8 3 1
Tile:0 8 2 0
Tile:9_flip 2 6 1
Tile:0 9 2 0
Tile:7_flip 3 7 1
Tile:1 9 3 0
Tile:4 9 4 1
Tile:7 1 3 0
Tile:12 10 2 1
Drop 0 0 0
Map 12 3 1
Malus 0 0 0
Drop 0 0 1
Map 12 3 0
Bonus 0 0 1
Drop 0 0 0
Tile:3 7 8 1
GAMEOVER DRAW
# Game ended: Tue Apr 07 19:22:17 EDT 2020
