# Server version 0.08 running on GBowen:8123
# Game ID: 62
# Board class: Saboteur.SaboteurBoard
# Timeout: 2000
# First Move Timeout: 30000
# Date: Tue Apr 07 17:27:34 EDT 2020
# Player 1: Player-0, '260787692', running on GBowen
# Player 2: Player-1, 'RandomPlayer', running on GBowen
START Player-0 260787692
START Player-1 RandomPlayer
BoardInit:Tile:8,Tile:0,Tile:0,Malus,Bonus,Map,Tile:7,Tile:9,Destroy,Tile:5,Destroy,Tile:10,Bonus,Tile:8,Tile:8,Tile:6,Tile:13,Tile:15,Map,Tile:5,Destroy,Tile:8,Tile:4,Tile:0,Tile:9,Malus,Tile:0,Tile:6,Tile:9,Tile:12,Tile:5,Tile:2,Tile:7,Tile:10,Tile:8,Bonus,Tile:3,Tile:7,Tile:9,Tile:10,Tile:1-Tile:7,Map,Tile:6,Tile:5,Map,Map,Tile:6-Tile:14,Bonus,Tile:9,Tile:6,Tile:7,Map,Tile:11-Tile:nugget,Tile:hidden2,Tile:hidden1
Tile:5_flip 6 5 1
Map 12 5 0
Tile:6 5 6 1
Tile:9 6 4 0
Map 12 3 1
Tile:6 7 4 0
Tile:6_flip 6 6 1
Map 12 5 0
Tile:7 7 6 1
Tile:0 8 4 0
Tile:8 6 7 1
Tile:9_flip 9 4 0
Destroy 6 5 1
Tile:7 9 3 0
Drop 3 0 1
Tile:5 6 3 0
Map 12 7 1
Tile:10 9 5 0
Map 12 7 1
Tile:8 7 3 0
Tile:0 4 6 1
Tile:6 7 7 0
Destroy 5 6 1
Tile:5 7 2 0
Destroy 7 3 1
Tile:8 7 3 0
Tile:4 5 4 1
Tile:0 8 2 0
Tile:13 9 6 1
Tile:6 6 5 0
Map 12 7 1
Tile:14_flip 8 6 0
Tile:8 9 7 1
Tile:2_flip 5 6 0
Tile:9_flip 10 7 1
Tile:12_flip 4 5 0
Drop 6 0 1
Malus 0 0 0
Drop 0 0 1
Tile:7_flip 10 8 0
Drop 4 0 1
Tile:15 9 8 0
Drop 5 0 1
Drop 0 0 0
Drop 4 0 1
Tile:11_flip 10 6 0
Drop 3 0 1
Tile:10 10 5 0
Drop 2 0 1
Tile:10 10 4 0
Drop 0 0 1
Malus 0 0 0
Drop 1 0 1
Drop 0 0 0
Drop 0 0 1
GAMEOVER DRAW
# Game ended: Tue Apr 07 17:27:35 EDT 2020
