# Server version 0.08 running on GBowen:8123
# Game ID: 36
# Board class: Saboteur.SaboteurBoard
# Timeout: 2000
# First Move Timeout: 30000
# Date: Mon Apr 06 22:55:37 EDT 2020
# Player 1: Player-0, '260787692', running on GBowen
# Player 2: Player-1, 'RandomPlayer', running on GBowen
START Player-0 260787692
START Player-1 RandomPlayer
BoardInit:Tile:15,Tile:13,Tile:6,Tile:6,Tile:6,Map,Tile:10,Tile:7,Map,Destroy,Tile:7,Bonus,Tile:1,Tile:10,Tile:8,Tile:12,Tile:9,Bonus,Tile:0,Malus,Tile:11,Tile:7,Tile:9,Tile:9,Tile:7,Tile:5,Tile:8,Map,Tile:0,Tile:14,Destroy,Tile:8,Tile:0,Tile:5,Bonus,Map,Tile:8,Tile:5,Tile:7,Tile:9,Tile:4-Destroy,Tile:6,Tile:8,Tile:10,Malus,Tile:9,Tile:6-Tile:5,Tile:2,Tile:3,Tile:0,Map,Bonus,Map-Tile:nugget,Tile:hidden2,Tile:hidden1
Tile:6 5 6 1
Map 12 5 0
Tile:6 4 6 1
Map 12 5 0
Tile:6 6 5 1
Tile:5 6 4 0
Drop 4 0 1
Map 12 5 0
Destroy 6 4 1
Tile:0 7 5 0
Drop 1 0 1
Tile:6 8 5 0
Drop 0 0 1
Tile:2 9 5 0
Tile:7_flip 9 6 1
Tile:10 8 4 0
Malus 0 0 1
Bonus 0 0 0
Tile:15 8 3 1
Tile:7 8 2 0
Tile:8 7 2 1
Drop 5 0 0
Tile:9_flip 10 6 1
Tile:7 6 6 0
Tile:11_flip 6 4 1
Tile:9 6 3 0
Tile:9_flip 6 7 1
Tile:5 7 1 0
Drop 2 0 1
Map 12 5 0
Tile:6 3 6 1
Tile:14_flip 5 4 0
Tile:8 2 6 1
Tile:8 6 2 0
Drop 3 0 1
Tile:5_flip 8 1 0
Destroy 7 5 1
Map 12 5 0
Tile:8 6 8 1
Tile:5 8 0 0
Tile:7 2 5 1
Tile:9 10 7 0
Tile:0 7 8 1
Drop 1 0 0
Tile:0 8 8 1
Destroy 7 8 0
Tile:4 3 5 1
Tile:3_flip 1 6 0
Tile:1 9 0 1
Tile:12_flip 5 7 0
Tile:0 7 5 1
Drop 0 0 0
Drop 1 0 1
Drop 0 0 0
Tile:10 6 9 1
GAMEOVER DRAW
# Game ended: Mon Apr 06 22:55:37 EDT 2020
