# Server version 0.08 running on GBowen:8123
# Game ID: 18
# Board class: Saboteur.SaboteurBoard
# Timeout: 2000
# First Move Timeout: 30000
# Date: Mon Apr 06 22:20:19 EDT 2020
# Player 1: Player-0, '260787692', running on GBowen
# Player 2: Player-1, 'RandomPlayer', running on GBowen
START Player-0 260787692
START Player-1 RandomPlayer
BoardInit:Tile:0,Tile:13,Tile:4,Destroy,Tile:8,Bonus,Map,Tile:10,Tile:10,Bonus,Tile:7,Map,Tile:10,Tile:0,Tile:6,Malus,Map,Tile:7,Bonus,Tile:9,Tile:1,Tile:15,Destroy,Map,Map,Tile:14,Tile:7,Tile:8,Tile:8,Tile:5,Tile:5,Malus,Tile:9,Tile:9,Tile:8,Tile:7,Tile:7,Bonus,Tile:6,Map,Tile:6-Tile:6,Tile:12,Tile:9,Tile:9,Tile:0,Tile:11,Tile:2-Tile:6,Destroy,Tile:5,Tile:0,Tile:5,Tile:8,Tile:3-Tile:hidden1,Tile:hidden2,Tile:nugget
Tile:6_flip 6 5 1
Tile:6 7 5 0
Tile:9_flip 5 6 1
Tile:0 8 5 0
Tile:9 4 6 1
Tile:8 9 5 0
Tile:8 7 4 1
Destroy 7 4 0
Tile:4_flip 6 6 1
Destroy 4 6 0
Tile:2 10 5 1
Tile:5 9 4 0
Tile:11_flip 7 4 1
Map 12 5 0
Tile:12 11 5 1
Tile:5_flip 10 4 0
Tile:10 10 6 1
Tile:13 4 5 0
Tile:10 10 7 1
Tile:3_flip 4 6 0
Tile:0 3 5 1
Tile:9 10 3 0
Tile:6 6 4 1
Tile:0 11 3 0
Map 12 5 1
Tile:10 12 4 0
Tile:7 10 2 1
Tile:14_flip 7 3 0
Drop 2 0 1
Tile:8 12 6 0
GAMEOVER WINNER 0
# Game ended: Mon Apr 06 22:20:20 EDT 2020
