# Server version 0.08 running on GBowen:8123
# Game ID: 65
# Board class: Saboteur.SaboteurBoard
# Timeout: 2000
# First Move Timeout: 30000
# Date: Tue Apr 07 17:30:39 EDT 2020
# Player 1: Player-0, '260787692', running on GBowen
# Player 2: Player-1, 'RandomPlayer', running on GBowen
START Player-0 260787692
START Player-1 RandomPlayer
BoardInit:Map,Tile:6,Tile:6,Malus,Destroy,Tile:0,Tile:5,Tile:8,Tile:7,Map,Destroy,Tile:6,Tile:9,Tile:7,Tile:5,Tile:10,Tile:8,Tile:7,Tile:0,Tile:14,Tile:9,Tile:0,Tile:0,Malus,Destroy,Tile:9,Bonus,Bonus,Tile:10,Tile:11,Tile:4,Tile:8,Tile:15,Tile:10,Tile:9,Tile:7,Tile:6,Tile:9,Tile:5,Map,Tile:12-Tile:8,Map,Bonus,Tile:8,Bonus,Tile:2,Tile:5-Map,Tile:6,Tile:7,Map,Tile:13,Tile:3,Tile:1-Tile:hidden1,Tile:nugget,Tile:hidden2
Drop 3 0 1
Map 12 5 0
Map 12 5 1
Tile:6 6 5 0
Map 12 7 1
Tile:6 7 5 0
Destroy 7 5 1
Tile:0 7 5 0
Tile:2_flip 8 5 1
Tile:7 9 5 0
Tile:8 5 4 1
Tile:8 6 4 0
Tile:7_flip 9 6 1
Tile:6 7 4 0
Tile:5 6 3 1
Tile:7 10 6 0
Tile:6_flip 4 5 1
Tile:13 10 7 0
Tile:8 7 3 1
Tile:7 11 7 0
Tile:5_flip 10 8 1
Tile:1 8 3 0
Tile:5 9 7 1
Tile:0 9 3 0
Drop 5 0 1
Drop 5 0 0
Destroy 7 4 1
Tile:10 11 8 0
Drop 6 0 1
Tile:9 11 9 0
Tile:9_flip 10 3 1
Tile:11 4 6 0
Destroy 11 9 1
Tile:8 10 2 0
Tile:4 10 1 1
Tile:10 10 4 0
Drop 3 0 1
Map 12 3 0
Tile:6 5 6 1
Malus 0 0 0
Drop 4 0 1
Tile:7_flip 4 4 0
Bonus 0 0 1
Drop 5 0 0
Tile:5_flip 7 4 1
Tile:9 7 2 0
Tile:12 6 6 1
Tile:3_flip 10 5 0
Tile:9 4 3 1
Malus 0 0 0
Drop 0 0 1
Map 12 3 0
Drop 1 0 1
Drop 0 0 0
Drop 0 0 1
GAMEOVER DRAW
# Game ended: Tue Apr 07 17:30:40 EDT 2020
