# Server version 0.08 running on GBowen:8123
# Game ID: 20
# Board class: Saboteur.SaboteurBoard
# Timeout: 2000
# First Move Timeout: 30000
# Date: Mon Apr 06 22:20:54 EDT 2020
# Player 1: Player-0, '260787692', running on GBowen
# Player 2: Player-1, 'RandomPlayer', running on GBowen
START Player-0 260787692
START Player-1 RandomPlayer
BoardInit:Tile:9,Malus,Tile:9,Destroy,Tile:6,Tile:7,Tile:7,Tile:5,Destroy,Tile:0,Bonus,Tile:0,Tile:10,Map,Tile:7,Tile:13,Tile:7,Map,Tile:1,Tile:6,Tile:8,Tile:10,Tile:12,Tile:5,Tile:0,Tile:9,Tile:8,Tile:10,Tile:14,Tile:3,Tile:8,Tile:7,Tile:5,Map,Bonus,Bonus,Tile:9,Tile:4,Map,Tile:6,Tile:15-Tile:2,Tile:0,Bonus,Tile:8,Tile:9,Malus,Tile:6-Destroy,Map,Map,Tile:11,Tile:6,Tile:5,Tile:8-Tile:hidden2,Tile:hidden1,Tile:nugget
Tile:6 5 6 1
Map 12 5 0
Tile:9 5 4 1
Map 12 5 0
Tile:9_flip 6 5 1
Tile:6_flip 5 3 0
Tile:6 6 3 1
Tile:8 7 3 0
Tile:2_flip 4 5 1
Tile:5 4 6 0
Drop 1 0 1
Tile:0 8 3 0
Tile:9_flip 4 4 1
Tile:0 9 3 0
Tile:8 6 6 1
Map 12 5 0
Tile:7_flip 7 4 1
Destroy 5 4 0
Drop 1 0 1
Map 12 5 0
Tile:7 7 6 1
Destroy 8 3 0
Tile:7 10 3 1
Tile:13 3 5 0
Tile:8 4 7 1
Tile:5 2 5 0
Destroy 4 6 1
Tile:7 6 4 0
Tile:8 7 2 1
Tile:5_flip 3 6 0
Tile:14_flip 6 2 1
Tile:9 2 6 0
Tile:1 8 4 1
Tile:6 8 3 0
Tile:5 3 4 1
Map 12 5 0
Tile:10 7 1 1
Tile:11_flip 8 2 0
Tile:9_flip 2 7 1
Tile:4 8 1 0
Tile:12_flip 3 7 1
Tile:7_flip 1 7 0
Drop 0 0 1
Tile:6_flip 4 3 0
Tile:15 1 6 1
Tile:3_flip 7 7 0
Tile:0 5 7 1
Tile:10 7 0 0
Tile:8 2 8 1
Tile:10 4 8 0
Map 12 3 1
Malus 0 0 0
Drop 0 0 1
Drop 0 0 0
Bonus 0 0 1
GAMEOVER DRAW
# Game ended: Mon Apr 06 22:20:55 EDT 2020
