# Server version 0.08 running on GBowen:8123
# Game ID: 86
# Board class: Saboteur.SaboteurBoard
# Timeout: 2000
# First Move Timeout: 30000
# Date: Tue Apr 07 19:28:22 EDT 2020
# Player 1: Player-0, '260787692', running on GBowen
# Player 2: Player-1, 'RandomPlayer', running on GBowen
START Player-0 260787692
START Player-1 RandomPlayer
BoardInit:Tile:0,Tile:6,Destroy,Tile:2,Tile:6,Bonus,Tile:7,Tile:5,Tile:8,Tile:0,Tile:7,Tile:5,Tile:6,Tile:0,Tile:11,Tile:7,Tile:8,Malus,Destroy,Tile:10,Tile:5,Destroy,Map,Tile:6,Tile:4,Tile:10,Tile:3,Tile:8,Tile:9,Tile:12,Tile:9,Bonus,Tile:7,Tile:13,Bonus,Malus,Tile:7,Map,Tile:15,Map,Map-Bonus,Tile:14,Tile:0,Tile:8,Tile:1,Tile:9,Tile:5-Tile:6,Map,Tile:9,Tile:10,Tile:8,Tile:9,Map-Tile:nugget,Tile:hidden2,Tile:hidden1
Tile:14 6 5 1
Map 12 5 0
Tile:1 4 5 1
Map 12 5 0
Tile:9 5 6 1
Tile:6_flip 5 4 0
Tile:6_flip 6 4 1
Tile:9_flip 7 4 0
Destroy 6 4 1
Tile:10 7 3 0
Drop 0 0 1
Tile:8 6 4 0
Tile:8 3 5 1
Tile:9 7 2 0
Tile:7 6 3 1
Tile:6 8 2 0
Tile:6_flip 3 4 1
Tile:0 9 2 0
Tile:5_flip 10 2 1
Tile:5 10 1 0
Tile:0 6 6 1
Tile:0 11 1 0
Tile:7_flip 5 7 1
Tile:7 12 1 0
Destroy 3 4 1
Tile:10 12 2 0
GAMEOVER WINNER 0
# Game ended: Tue Apr 07 19:28:23 EDT 2020
