# Server version 0.08 running on GBowen:8123
# Game ID: 47
# Board class: Saboteur.SaboteurBoard
# Timeout: 2000
# First Move Timeout: 30000
# Date: Tue Apr 07 17:15:36 EDT 2020
# Player 1: Player-0, '260787692', running on GBowen
# Player 2: Player-1, 'RandomPlayer', running on GBowen
START Player-0 260787692
START Player-1 RandomPlayer
BoardInit:Tile:0,Bonus,Tile:5,Tile:15,Map,Tile:7,Map,Tile:0,Tile:5,Tile:8,Tile:6,Bonus,Tile:6,Tile:6,Tile:10,Tile:8,Tile:10,Bonus,Tile:10,Tile:6,Tile:12,Tile:0,Tile:8,Tile:8,Destroy,Map,Tile:13,Tile:1,Tile:2,Tile:6,Tile:14,Tile:7,Tile:9,Tile:3,Tile:8,Tile:5,Map,Bonus,Malus,Tile:7,Tile:7-Map,Tile:7,Tile:9,Malus,Destroy,Map,Tile:11-Tile:9,Tile:4,Tile:5,Tile:9,Tile:9,Destroy,Tile:0-Tile:nugget,Tile:hidden1,Tile:hidden2
Tile:9_flip 5 4 1
Tile:0 6 5 0
Tile:11 4 5 1
Tile:9_flip 5 6 0
Malus 0 0 1
Bonus 0 0 0
Map 12 5 1
Drop 5 0 0
Tile:5 5 3 1
Tile:0 7 5 0
Drop 1 0 1
Tile:8 8 5 0
Tile:5 4 4 1
Tile:9 4 6 0
Tile:6_flip 9 5 1
Tile:6 10 5 0
Tile:10 5 7 1
Tile:8 11 5 0
Tile:10 4 7 1
Tile:9 12 4 0
GAMEOVER WINNER 0
# Game ended: Tue Apr 07 17:15:36 EDT 2020
