# Server version 0.08 running on GBowen:8123
# Game ID: 72
# Board class: Saboteur.SaboteurBoard
# Timeout: 2000
# First Move Timeout: 30000
# Date: Tue Apr 07 19:24:01 EDT 2020
# Player 1: Player-0, '260787692', running on GBowen
# Player 2: Player-1, 'RandomPlayer', running on GBowen
START Player-0 260787692
START Player-1 RandomPlayer
BoardInit:Tile:9,Tile:9,Tile:5,Tile:6,Tile:7,Tile:8,Tile:7,Tile:15,Tile:12,Malus,Destroy,Tile:3,Bonus,Tile:10,Tile:2,Tile:14,Tile:0,Malus,Tile:6,Tile:5,Destroy,Tile:11,Tile:5,Map,Tile:10,Map,Tile:9,Tile:8,Tile:8,Destroy,Tile:1,Tile:4,Tile:0,Tile:7,Tile:6,Tile:7,Tile:6,Tile:9,Tile:0,Map,Tile:13-Bonus,Bonus,Tile:6,Map,Map,Tile:9,Bonus-Tile:10,Tile:8,Tile:5,Tile:7,Tile:0,Tile:8,Map-Tile:hidden1,Tile:nugget,Tile:hidden2
Drop 2 0 1
Map 12 5 0
Map 12 7 1
Tile:8 6 5 0
Tile:9_flip 6 6 1
Tile:0 7 5 0
Tile:7 5 4 1
Tile:8 8 5 0
Tile:5 8 4 1
Tile:6 9 5 0
Tile:9 4 4 1
Malus 0 0 0
Drop 0 0 1
Tile:8 10 5 0
Map 12 5 1
Tile:7 9 4 0
Bonus 0 0 1
Tile:3_flip 6 7 0
Tile:2_flip 11 5 1
Tile:5 10 4 0
Tile:7 11 4 1
Tile:9 10 6 0
Destroy 6 5 1
Tile:10 8 6 0
Drop 2 0 1
Tile:10 8 7 0
Tile:6_flip 6 5 1
Malus 0 0 0
Destroy 9 5 1
Tile:8 9 5 0
Drop 1 0 1
Map 12 7 0
Drop 4 0 1
Destroy 6 6 0
Drop 0 0 1
Map 12 7 0
Drop 3 0 1
Tile:4_flip 9 6 0
Drop 6 0 1
Tile:7_flip 8 8 0
Drop 2 0 1
Tile:9_flip 4 3 0
Drop 0 0 1
Tile:11_flip 6 6 0
Drop 4 0 1
Tile:7_flip 5 6 0
Drop 2 0 1
Tile:5_flip 7 7 0
Drop 0 0 1
Tile:14_flip 4 2 0
Drop 0 0 1
Drop 0 0 0
Drop 1 0 1
Map 12 7 0
Drop 0 0 1
GAMEOVER DRAW
# Game ended: Tue Apr 07 19:24:02 EDT 2020
