# Server version 0.08 running on GBowen:8123
# Game ID: 66
# Board class: Saboteur.SaboteurBoard
# Timeout: 2000
# First Move Timeout: 30000
# Date: Tue Apr 07 17:32:26 EDT 2020
# Player 1: Player-0, '260787692', running on GBowen
# Player 2: Player-1, 'RandomPlayer', running on GBowen
START Player-0 260787692
START Player-1 RandomPlayer
BoardInit:Tile:7,Tile:4,Tile:5,Bonus,Tile:9,Tile:6,Tile:10,Tile:0,Tile:9,Map,Bonus,Tile:6,Map,Tile:3,Tile:10,Destroy,Malus,Tile:6,Tile:1,Map,Tile:0,Tile:6,Tile:9,Tile:9,Tile:0,Tile:8,Tile:8,Map,Tile:7,Tile:8,Tile:13,Destroy,Tile:12,Tile:11,Tile:6,Tile:7,Map,Tile:8,Tile:5,Tile:9,Tile:5-Destroy,Tile:14,Malus,Tile:7,Tile:0,Map,Tile:10-Bonus,Tile:8,Tile:5,Tile:15,Bonus,Tile:2,Tile:7-Tile:nugget,Tile:hidden2,Tile:hidden1
Map 12 3 1
Tile:8 6 5 0
Tile:7 6 4 1
Tile:5 4 5 0
Drop 4 0 1
Tile:2 5 4 0
Tile:9_flip 4 6 1
Tile:6 7 5 0
Tile:10 6 6 1
Tile:0 8 5 0
Tile:9_flip 9 5 1
Map 12 5 0
Drop 2 0 1
Tile:6_flip 9 4 0
Tile:5_flip 4 7 1
Tile:3_flip 6 7 0
Tile:7_flip 4 4 1
Tile:7_flip 3 6 0
Drop 5 0 1
Tile:6 10 4 0
Tile:0 8 4 1
Map 12 5 0
Destroy 6 5 1
Tile:6 7 7 0
Tile:14 11 4 1
Tile:9 4 3 0
Tile:9_flip 11 3 1
Tile:8 4 2 0
Drop 6 0 1
Map 12 5 0
Map 12 3 1
Tile:8 4 1 0
Tile:1 3 7 1
Tile:4 3 5 0
Tile:7_flip 3 2 1
Destroy 11 3 0
Tile:13 6 5 1
Tile:7 5 1 0
Drop 2 0 1
Tile:8 3 1 0
Drop 2 0 1
Tile:9 3 0 0
Tile:5 2 1 1
Destroy 4 5 0
Tile:6_flip 11 3 1
Tile:15 5 6 0
Tile:12 5 3 1
Tile:11 10 3 0
Tile:5_flip 2 2 1
Drop 0 0 0
Drop 1 0 1
Drop 1 0 0
Map 12 3 1
Drop 0 0 0
Drop 0 0 1
GAMEOVER DRAW
# Game ended: Tue Apr 07 17:32:27 EDT 2020
