# Server version 0.08 running on GBowen:8123
# Game ID: 58
# Board class: Saboteur.SaboteurBoard
# Timeout: 2000
# First Move Timeout: 30000
# Date: Tue Apr 07 17:24:07 EDT 2020
# Player 1: Player-0, '260787692', running on GBowen
# Player 2: Player-1, 'RandomPlayer', running on GBowen
START Player-0 260787692
START Player-1 RandomPlayer
BoardInit:Tile:0,Tile:14,Destroy,Bonus,Bonus,Tile:8,Tile:9,Tile:1,Tile:6,Tile:13,Tile:5,Tile:0,Tile:5,Tile:2,Map,Tile:6,Malus,Tile:12,Tile:6,Tile:9,Tile:8,Tile:4,Tile:9,Destroy,Tile:10,Tile:3,Destroy,Tile:10,Map,Tile:15,Tile:10,Map,Tile:5,Malus,Tile:5,Tile:6,Tile:7,Tile:8,Tile:0,Tile:7,Tile:6-Tile:0,Tile:9,Tile:8,Map,Tile:11,Map,Map-Tile:7,Tile:8,Bonus,Tile:7,Tile:9,Bonus,Tile:7-Tile:hidden1,Tile:nugget,Tile:hidden2
Map 12 5 1
Tile:8 6 5 0
Tile:0 7 5 1
Tile:7_flip 4 5 0
Tile:11 6 4 1
Tile:14 7 4 0
Drop 4 0 1
Tile:8 8 5 0
Tile:9_flip 6 3 1
Tile:9_flip 8 6 0
Tile:8 4 4 1
Tile:7_flip 8 7 0
Destroy 4 5 1
Tile:0 9 5 0
Tile:6 10 5 1
Tile:2 9 7 0
Tile:5 4 3 1
Tile:6 11 5 0
GAMEOVER WINNER 0
# Game ended: Tue Apr 07 17:24:08 EDT 2020
