# Server version 0.08 running on GBowen:8123
# Game ID: 35
# Board class: Saboteur.SaboteurBoard
# Timeout: 2000
# First Move Timeout: 30000
# Date: Mon Apr 06 22:55:25 EDT 2020
# Player 1: Player-0, '260787692', running on GBowen
# Player 2: Player-1, 'RandomPlayer', running on GBowen
START Player-0 260787692
START Player-1 RandomPlayer
BoardInit:Tile:10,Map,Tile:7,Tile:6,Tile:2,Tile:1,Tile:8,Destroy,Tile:5,Tile:10,Tile:9,Tile:7,Malus,Destroy,Tile:5,Tile:9,Map,Tile:11,Tile:8,Tile:14,Tile:9,Map,Tile:9,Tile:6,Tile:7,Tile:5,Tile:7,Malus,Tile:8,Tile:0,Tile:15,Tile:7,Tile:6,Tile:4,Tile:3,Tile:0,Bonus,Destroy,Tile:10,Tile:6,Bonus-Map,Tile:13,Tile:6,Map,Bonus,Tile:9,Tile:0-Tile:8,Bonus,Tile:5,Tile:8,Map,Tile:0,Tile:12-Tile:hidden2,Tile:hidden1,Tile:nugget
Tile:9_flip 5 6 1
Map 12 5 0
Map 12 5 1
Map 12 5 0
Tile:13 4 5 1
Tile:8 5 4 0
Drop 6 0 1
Tile:5 5 3 0
Tile:8 5 7 1
Tile:8 6 3 0
Drop 1 0 1
Tile:0 7 3 0
Tile:6 4 6 1
Tile:6 8 3 0
Tile:0 3 6 1
Tile:7 6 7 0
Tile:10 5 8 1
Destroy 4 5 0
Tile:5 4 5 1
Tile:9_flip 5 9 0
Tile:5 6 2 1
Destroy 6 3 0
Tile:8 8 2 1
Map 12 5 0
Malus 0 0 1
Bonus 0 0 0
Tile:7_flip 2 6 1
Tile:6 6 4 0
Tile:9 4 9 1
Tile:11 5 10 0
Drop 3 0 1
Tile:1 6 5 0
Tile:7 4 8 1
Tile:10 5 11 0
Tile:8 5 12 1
Tile:14_flip 8 1 0
Tile:7_flip 6 8 1
Tile:5_flip 4 10 0
Tile:6_flip 9 2 1
Destroy 5 12 0
Drop 2 0 1
Tile:7 6 10 0
Tile:3 7 4 1
Tile:0 7 8 0
Tile:10 6 11 1
Tile:6 9 1 0
Drop 3 0 1
Tile:0 4 7 0
Map 12 3 1
Tile:12 10 1 0
Drop 1 0 1
Malus 0 0 0
Drop 0 0 1
Tile:4_flip 5 12 0
Bonus 0 0 1
GAMEOVER DRAW
# Game ended: Mon Apr 06 22:55:25 EDT 2020
